This is LuaHBTeX, Version 1.17.0 (TeX Live 2023/Arch Linux)  (format=lualatex 2024.2.25)  28 FEB 2024 19:08
 system commands enabled.
**olymp.tex
(./olymp.tex
LaTeX2e <2022-11-01> patch level 1
Lua module: luaotfload 2022-10-03 3.23 Lua based OpenType font support
Lua module: lualibs 2022-10-04 2.75 ConTeXt Lua standard libraries.
Lua module: lualibs-extended 2022-10-04 2.75 ConTeXt Lua libraries -- extended c
ollection.
luaotfload | conf : Root cache directory is "/home/adyansh/.texlive/texmf-var/lu
atex-cache/generic/names".
luaotfload | init : Loading fontloader "fontloader-2022-10-03.lua" from kpse-res
olved path "/usr/share/texmf-dist/tex/luatex/luaotfload/fontloader-2022-10-03.lu
a".
Lua-only attribute luaotfload@noligature = 1
luaotfload | init : Context OpenType loader version 3.120
Inserting `luaotfload.node_processor' in `pre_linebreak_filter'.
Inserting `luaotfload.node_processor' in `hpack_filter'.
Inserting `luaotfload.glyph_stream' in `glyph_stream_provider'.
Inserting `luaotfload.define_font' in `define_font'.
Lua-only attribute luaotfload_color_attribute = 2
luaotfload | conf : Root cache directory is "/home/adyansh/.texlive/texmf-var/lu
atex-cache/generic/names".
Inserting `luaotfload.harf.strip_prefix' in `find_opentype_file'.
Inserting `luaotfload.harf.strip_prefix' in `find_truetype_file'.
Removing  `luaotfload.glyph_stream' from `glyph_stream_provider'.
Inserting `luaotfload.harf.glyphstream' in `glyph_stream_provider'.
Inserting `luaotfload.harf.finalize_vlist' in `post_linebreak_filter'.
Inserting `luaotfload.harf.finalize_hlist' in `hpack_filter'.
Inserting `luaotfload.cleanup_files' in `wrapup_run'.
Inserting `luaotfload.harf.finalize_unicode' in `finish_pdffile'.
Inserting `luaotfload.glyphinfo' in `glyph_info'.
Lua-only attribute luaotfload.letterspace_done = 3
Inserting `luaotfload.aux.set_sscale_dimens' in `luaotfload.patch_font'.
Inserting `luaotfload.aux.set_font_index' in `luaotfload.patch_font'.
Inserting `luaotfload.aux.patch_cambria_domh' in `luaotfload.patch_font'.
Inserting `luaotfload.aux.fixup_fontdata' in `luaotfload.patch_font_unsafe'.
Inserting `luaotfload.aux.set_capheight' in `luaotfload.patch_font'.
Inserting `luaotfload.aux.set_xheight' in `luaotfload.patch_font'.
Inserting `luaotfload.rewrite_fontname' in `luaotfload.patch_font'. L3 programm
ing layer <2023-02-22>
Inserting `tracingstacklevels' in `input_level_string'.
(/usr/share/texmf-dist/tex/latex/koma-script/scrbook.cls
Document Class: scrbook 2022/10/12 v3.38 KOMA-Script document class (book)
(/usr/share/texmf-dist/tex/latex/koma-script/scrkbase.sty
Package: scrkbase 2022/10/12 v3.38 KOMA-Script package (KOMA-Script-dependent b
asics and keyval usage)

(/usr/share/texmf-dist/tex/latex/koma-script/scrbase.sty
Package: scrbase 2022/10/12 v3.38 KOMA-Script package (KOMA-Script-independent 
basics and keyval usage)

(/usr/share/texmf-dist/tex/latex/koma-script/scrlfile.sty
Package: scrlfile 2022/10/12 v3.38 KOMA-Script package (file load hooks)

(/usr/share/texmf-dist/tex/latex/koma-script/scrlfile-hook.sty
Package: scrlfile-hook 2022/10/12 v3.38 KOMA-Script package (using LaTeX hooks)


(/usr/share/texmf-dist/tex/latex/koma-script/scrlogo.sty
Package: scrlogo 2022/10/12 v3.38 KOMA-Script package (logo)
)))
(/usr/share/texmf-dist/tex/latex/graphics/keyval.sty
Package: keyval 2022/05/29 v1.15 key=value parser (DPC)
\KV@toks@=\toks16
)
Applying: [2021/05/01] Usage of raw or classic option list on input line 252.
Already applied: [0000/00/00] Usage of raw or classic option list on input line
 368.
))
(/usr/share/texmf-dist/tex/latex/koma-script/tocbasic.sty
Package: tocbasic 2022/10/12 v3.38 KOMA-Script package (handling toc-files)
\scr@dte@tocline@numberwidth=\skip48
\scr@dte@tocline@numbox=\box51
)
Package tocbasic Info: omitting babel extension for `toc'
(tocbasic)             because of feature `nobabel' available
(tocbasic)             for `toc' on input line 137.
Class scrbook Info: You've used standard option `oneside'.
(scrbook)           This is correct!
(scrbook)           Internally I'm using `twoside=false'.
(scrbook)           If you'd like to set the option with \KOMAoptions,
(scrbook)           you'd have to use `twoside=false' there
(scrbook)           instead of `oneside', too.
Package scrbook Info: You've used standard option `10pt'.
(scrbook)             This is correct!
(scrbook)             Internally I'm using `fontsize=10pt'.
(scrbook)             If you'd like to set the option with \KOMAoptions,
(scrbook)             you'd have to use `fontsize=10pt' there
(scrbook)             instead of `10pt', too.
Class scrbook Info: File `scrsize10pt.clo' used to setup font sizes on input li
ne 2617.

(/usr/share/texmf-dist/tex/latex/koma-script/scrsize10pt.clo
File: scrsize10pt.clo 2022/10/12 v3.38 KOMA-Script font size class option (10pt
)
luaotfload | db : Font names database loaded from /home/adyansh/.texlive/texmf-v
ar/luatex-cache/generic/names/luaotfload-names.luc.gz)
(/usr/share/texmf-dist/tex/latex/koma-script/typearea.sty
Package: typearea 2022/10/12 v3.38 KOMA-Script package (type area)
\ta@bcor=\skip49
\ta@div=\count183
Package typearea Info: You've used standard option `oneside'.
(typearea)             This is correct!
(typearea)             Internally I'm using `twoside=false'.
(typearea)             If you'd like to set the option with \KOMAoptions,
(typearea)             you'd have to use `twoside=false' there
(typearea)             instead of `oneside', too.
Package typearea Info: You've used standard option `a4paper'.
(typearea)             This is correct!
(typearea)             Internally I'm using `paper=a4'.
(typearea)             If you'd like to set the option with \KOMAoptions,
(typearea)             you'd have to use `paper=a4' there
(typearea)             instead of `a4paper', too.
\ta@hblk=\skip50
\ta@vblk=\skip51
\ta@temp=\skip52
\footheight=\skip53
Package typearea Info: These are the values describing the layout:
(typearea)             DIV  = 8
(typearea)             BCOR = 0.0pt
(typearea)             \paperwidth      = 597.50793pt
(typearea)              \textwidth      = 373.44246pt
(typearea)              DIV departure   = -4%
(typearea)              \evensidemargin = 39.76274pt
(typearea)              \oddsidemargin  = 39.76274pt
(typearea)             \paperheight     = 845.04694pt
(typearea)              \textheight     = 538.0pt
(typearea)              \topmargin      = 0.36087pt
(typearea)              \headheight     = 15.0pt
(typearea)              \headsep        = 18.0pt
(typearea)              \topskip        = 10.0pt
(typearea)              \footskip       = 42.0pt
(typearea)              \baselineskip   = 12.0pt
(typearea)              on input line 1767.
)
\c@part=\count184
\c@chapter=\count185
\c@section=\count186
\c@subsection=\count187
\c@subsubsection=\count188
\c@paragraph=\count189
\c@subparagraph=\count190
\scr@dte@chapter@maxnumwidth=\skip54
Class scrbook Info: using compatibility default `afterindent=bysign'
(scrbook)           for `\chapter on input line 5898.
\scr@dte@section@maxnumwidth=\skip55
Class scrbook Info: using compatibility default `runin=bysign'
(scrbook)           for `\section on input line 5909.
Class scrbook Info: using compatibility default `afterindent=bysign'
(scrbook)           for `\section on input line 5909.
\scr@dte@part@maxnumwidth=\skip56
Class scrbook Info: using compatibility default `afterindent=true'
(scrbook)           for `\part on input line 5918.
\scr@dte@subsection@maxnumwidth=\skip57
Class scrbook Info: using compatibility default `runin=bysign'
(scrbook)           for `\subsection on input line 5928.
Class scrbook Info: using compatibility default `afterindent=bysign'
(scrbook)           for `\subsection on input line 5928.
\scr@dte@subsubsection@maxnumwidth=\skip58
Class scrbook Info: using compatibility default `runin=bysign'
(scrbook)           for `\subsubsection on input line 5938.
Class scrbook Info: using compatibility default `afterindent=bysign'
(scrbook)           for `\subsubsection on input line 5938.
\scr@dte@paragraph@maxnumwidth=\skip59
Class scrbook Info: using compatibility default `runin=bysign'
(scrbook)           for `\paragraph on input line 5949.
Class scrbook Info: using compatibility default `afterindent=bysign'
(scrbook)           for `\paragraph on input line 5949.
\scr@dte@subparagraph@maxnumwidth=\skip60
Class scrbook Info: using compatibility default `runin=bysign'
(scrbook)           for `\subparagraph on input line 5959.
Class scrbook Info: using compatibility default `afterindent=bysign'
(scrbook)           for `\subparagraph on input line 5959.
\abovecaptionskip=\skip61
\belowcaptionskip=\skip62
\c@pti@nb@sid@b@x=\box52
Package tocbasic Info: omitting babel extension for `lof'
(tocbasic)             because of feature `nobabel' available
(tocbasic)             for `lof' on input line 7142.
\scr@dte@figure@maxnumwidth=\skip63
\c@figure=\count191
Package tocbasic Info: omitting babel extension for `lot'
(tocbasic)             because of feature `nobabel' available
(tocbasic)             for `lot' on input line 7159.
\scr@dte@table@maxnumwidth=\skip64
\c@table=\count192
Class scrbook Info: Redefining `\numberline' on input line 7330.
\bibindent=\dimen139
)

LaTeX Warning: \include should only be used after \begin{document} on input lin
e 4.

(../style.tex (/usr/share/texmf-dist/tex/latex/geometry/geometry.sty
Package: geometry 2020/01/02 v5.9 Page Geometry

(/usr/share/texmf-dist/tex/generic/iftex/ifvtex.sty
Package: ifvtex 2019/10/25 v1.7 ifvtex legacy package. Use iftex instead.

(/usr/share/texmf-dist/tex/generic/iftex/iftex.sty
Package: iftex 2022/02/03 v1.0f TeX engine tests
))
\Gm@cnth=\count193
\Gm@cntv=\count194
\c@Gm@tempcnt=\count195
\Gm@bindingoffset=\dimen140
\Gm@wd@mp=\dimen141
\Gm@odd@mp=\dimen142
\Gm@even@mp=\dimen143
\Gm@layoutwidth=\dimen144
\Gm@layoutheight=\dimen145
\Gm@layouthoffset=\dimen146
\Gm@layoutvoffset=\dimen147
\Gm@dimlist=\toks17
)
(/usr/share/texmf-dist/tex/latex/xcolor/xcolor.sty
Package: xcolor 2022/06/12 v2.14 LaTeX color extensions (UK)

(/usr/share/texmf-dist/tex/latex/graphics-cfg/color.cfg
File: color.cfg 2016/01/02 v1.6 sample color configuration
)
Package xcolor Info: Driver file: luatex.def on input line 227.

(/usr/share/texmf-dist/tex/latex/graphics-def/luatex.def
File: luatex.def 2022/09/22 v1.2d Graphics/color driver for luatex
)
(/usr/share/texmf-dist/tex/latex/graphics/mathcolor.ltx)
Package xcolor Info: Model `cmy' substituted by `cmy0' on input line 1353.
Package xcolor Info: Model `hsb' substituted by `rgb' on input line 1357.
Package xcolor Info: Model `RGB' extended on input line 1369.
Package xcolor Info: Model `HTML' substituted by `rgb' on input line 1371.
Package xcolor Info: Model `Hsb' substituted by `hsb' on input line 1372.
Package xcolor Info: Model `tHsb' substituted by `hsb' on input line 1373.
Package xcolor Info: Model `HSB' substituted by `hsb' on input line 1374.
Package xcolor Info: Model `Gray' substituted by `gray' on input line 1375.
Package xcolor Info: Model `wave' substituted by `hsb' on input line 1376.

(/usr/share/texmf-dist/tex/latex/graphics/dvipsnam.def
File: dvipsnam.def 2016/06/17 v3.0m Driver-dependent file (DPC,SPQR)
))

Class scrbook Warning: Usage of package `titlesec' together
(scrbook)              with a KOMA-Script class is not recommended.
(scrbook)              I'd suggest to use KOMA-Script features
(scrbook)              like \setkomafont, \RedeclareSectionCommand, \sectionlin
esformat
(scrbook)              and several others to re-configure section
(scrbook)              headings.
(scrbook)              Nevertheless, using requested
(scrbook)              package `titlesec' on input line 8.

(/usr/share/texmf-dist/tex/latex/titlesec/titlesec.sty
Package: titlesec 2021/07/05 v2.14 Sectioning titles
\ttl@box=\box53
\beforetitleunit=\skip65
\aftertitleunit=\skip66
\ttl@plus=\dimen148
\ttl@minus=\dimen149
\ttl@toksa=\toks18
\titlewidth=\dimen150
\titlewidthlast=\dimen151
\titlewidthfirst=\dimen152


Package titlesec Warning: Non standard sectioning command \section
(titlesec)                detected. Using default spacing and no format.


Package titlesec Warning: Non standard sectioning command \subsection
(titlesec)                detected. Using default spacing and no format.


Package titlesec Warning: Non standard sectioning command \subsubsection
(titlesec)                detected. Using default spacing and no format.


Package titlesec Warning: Non standard sectioning command \paragraph
(titlesec)                detected. Using default spacing and no format.


Package titlesec Warning: Non standard sectioning command \subparagraph
(titlesec)                detected. Using default spacing and no format.

) (/usr/share/texmf-dist/tex/latex/etoolbox/etoolbox.sty
Package: etoolbox 2020/10/05 v2.5k e-TeX tools for LaTeX (JAW)
\etb@tempcnta=\count196
)
(/usr/share/texmf-dist/tex/latex/hyperref/hyperref.sty
Package: hyperref 2023-02-07 v7.00v Hypertext links for LaTeX

(/usr/share/texmf-dist/tex/generic/ltxcmds/ltxcmds.sty
Package: ltxcmds 2020-05-10 v1.25 LaTeX kernel commands for general use (HO)
)
(/usr/share/texmf-dist/tex/generic/pdftexcmds/pdftexcmds.sty
Package: pdftexcmds 2020-06-27 v0.33 Utility functions of pdfTeX for LuaTeX (HO
)

(/usr/share/texmf-dist/tex/generic/infwarerr/infwarerr.sty
Package: infwarerr 2019/12/03 v1.5 Providing info/warning/error messages (HO)
)
Package pdftexcmds Info: \pdf@primitive is available.
Package pdftexcmds Info: \pdf@ifprimitive is available.
Package pdftexcmds Info: \pdfdraftmode found.
\pdftexcmds@toks=\toks19
)
(/usr/share/texmf-dist/tex/latex/kvsetkeys/kvsetkeys.sty
Package: kvsetkeys 2022-10-05 v1.19 Key value parser (HO)
)
(/usr/share/texmf-dist/tex/generic/kvdefinekeys/kvdefinekeys.sty
Package: kvdefinekeys 2019-12-19 v1.6 Define keys (HO)
)
(/usr/share/texmf-dist/tex/generic/pdfescape/pdfescape.sty
Package: pdfescape 2019/12/09 v1.15 Implements pdfTeX's escape features (HO)
)
(/usr/share/texmf-dist/tex/latex/hycolor/hycolor.sty
Package: hycolor 2020-01-27 v1.10 Color options for hyperref/bookmark (HO)
)
(/usr/share/texmf-dist/tex/latex/letltxmacro/letltxmacro.sty
Package: letltxmacro 2019/12/03 v1.6 Let assignment for LaTeX macros (HO)
)
(/usr/share/texmf-dist/tex/latex/auxhook/auxhook.sty
Package: auxhook 2019-12-17 v1.6 Hooks for auxiliary files (HO)
)
(/usr/share/texmf-dist/tex/latex/hyperref/nameref.sty
Package: nameref 2022-05-17 v2.50 Cross-referencing by name of section

(/usr/share/texmf-dist/tex/latex/refcount/refcount.sty
Package: refcount 2019/12/15 v3.6 Data extraction from label references (HO)
)
(/usr/share/texmf-dist/tex/generic/gettitlestring/gettitlestring.sty
Package: gettitlestring 2019/12/15 v1.6 Cleanup title references (HO)

(/usr/share/texmf-dist/tex/latex/kvoptions/kvoptions.sty
Package: kvoptions 2022-06-15 v3.15 Key value format for package options (HO)
))
\c@section@level=\count197
)
\@linkdim=\dimen153
\Hy@linkcounter=\count198
\Hy@pagecounter=\count199

(/usr/share/texmf-dist/tex/latex/hyperref/pd1enc.def
File: pd1enc.def 2023-02-07 v7.00v Hyperref: PDFDocEncoding definition (HO)
)
(/usr/share/texmf-dist/tex/generic/intcalc/intcalc.sty
Package: intcalc 2019/12/15 v1.3 Expandable calculations with integers (HO)
)
(/usr/share/texmf-dist/tex/generic/etexcmds/etexcmds.sty
Package: etexcmds 2019/12/15 v1.7 Avoid name clashes with e-TeX commands (HO)
)
\Hy@SavedSpaceFactor=\count266

(/usr/share/texmf-dist/tex/latex/hyperref/puenc.def
File: puenc.def 2023-02-07 v7.00v Hyperref: PDF Unicode definition (HO)
)
Package hyperref Info: Option `colorlinks' set `true' on input line 4060.
Package hyperref Info: Hyper figures OFF on input line 4177.
Package hyperref Info: Link nesting OFF on input line 4182.
Package hyperref Info: Hyper index ON on input line 4185.
Package hyperref Info: Plain pages OFF on input line 4192.
Package hyperref Info: Backreferencing OFF on input line 4197.
Package hyperref Info: Implicit mode ON; LaTeX internals redefined.
Package hyperref Info: Bookmarks ON on input line 4425.
\c@Hy@tempcnt=\count267

(/usr/share/texmf-dist/tex/latex/url/url.sty
\Urlmuskip=\muskip16
Package: url 2013/09/16  ver 3.4  Verb mode for urls, etc.
)
LaTeX Info: Redefining \url on input line 4763.
\XeTeXLinkMargin=\dimen154

(/usr/share/texmf-dist/tex/generic/bitset/bitset.sty
Package: bitset 2019/12/09 v1.3 Handle bit-vector datatype (HO)

(/usr/share/texmf-dist/tex/generic/bigintcalc/bigintcalc.sty
Package: bigintcalc 2019/12/15 v1.5 Expandable calculations on big integers (HO
)
))
\Fld@menulength=\count268
\Field@Width=\dimen155
\Fld@charsize=\dimen156
Package hyperref Info: Hyper figures OFF on input line 6042.
Package hyperref Info: Link nesting OFF on input line 6047.
Package hyperref Info: Hyper index ON on input line 6050.
Package hyperref Info: backreferencing OFF on input line 6057.
Package hyperref Info: Link coloring ON on input line 6060.
Package hyperref Info: Link coloring with OCG OFF on input line 6067.
Package hyperref Info: PDF/A mode OFF on input line 6072.

(/usr/share/texmf-dist/tex/latex/base/atbegshi-ltx.sty
Package: atbegshi-ltx 2021/01/10 v1.0c Emulation of the original atbegshi
package with kernel methods
)
\Hy@abspage=\count269
\c@Item=\count270
\c@Hfootnote=\count271
)
Package hyperref Info: Driver (autodetected): hluatex.

(/usr/share/texmf-dist/tex/latex/hyperref/hluatex.def
File: hluatex.def 2023-02-07 v7.00v Hyperref driver for luaTeX

(/usr/share/texmf-dist/tex/generic/stringenc/stringenc.sty
Package: stringenc 2019/11/29 v1.12 Convert strings between diff. encodings (HO
)
)
(/usr/share/texmf-dist/tex/latex/base/atveryend-ltx.sty
Package: atveryend-ltx 2020/08/19 v1.0a Emulation of the original atveryend pac
kage
with kernel methods
)
\Fld@listcount=\count272
\c@bookmark@seq@number=\count273

(/usr/share/texmf-dist/tex/latex/rerunfilecheck/rerunfilecheck.sty
Package: rerunfilecheck 2022-07-10 v1.10 Rerun checks for auxiliary files (HO)

(/usr/share/texmf-dist/tex/generic/uniquecounter/uniquecounter.sty
Package: uniquecounter 2019/12/15 v1.4 Provide unlimited unique counter (HO)
)
Package uniquecounter Info: New unique counter `rerunfilecheck' on input line 2
85.
)
\Hy@SectionHShift=\skip67
)
(/usr/share/texmf-dist/tex/latex/titlesec/titletoc.sty
Package: titletoc 2021/07/05 v2.14 TOC entries
\ttl@leftsep=\dimen157
)
(/usr/share/texmf-dist/tex/latex/amsmath/amsmath.sty
Package: amsmath 2022/04/08 v2.17n AMS math features
\@mathmargin=\skip68

For additional information on amsmath, use the `?' option.
(/usr/share/texmf-dist/tex/latex/amsmath/amstext.sty
Package: amstext 2021/08/26 v2.01 AMS text

(/usr/share/texmf-dist/tex/latex/amsmath/amsgen.sty
File: amsgen.sty 1999/11/30 v2.0 generic functions
\@emptytoks=\toks20
\ex@=\dimen158
))
(/usr/share/texmf-dist/tex/latex/amsmath/amsbsy.sty
Package: amsbsy 1999/11/29 v1.2d Bold Symbols
\pmbraise@=\dimen159
)
(/usr/share/texmf-dist/tex/latex/amsmath/amsopn.sty
Package: amsopn 2022/04/08 v2.04 operator names
)
\inf@bad=\count274
LaTeX Info: Redefining \frac on input line 236.
\uproot@=\count275
\leftroot@=\count276
LaTeX Info: Redefining \overline on input line 399.
LaTeX Info: Redefining \colon on input line 410.
\classnum@=\count277
\DOTSCASE@=\count278
LaTeX Info: Redefining \ldots on input line 496.
LaTeX Info: Redefining \dots on input line 499.
LaTeX Info: Redefining \cdots on input line 620.
\Mathstrutbox@=\box54
\strutbox@=\box55
LaTeX Info: Redefining \big on input line 722.
LaTeX Info: Redefining \Big on input line 723.
LaTeX Info: Redefining \bigg on input line 724.
LaTeX Info: Redefining \Bigg on input line 725.
\big@size=\dimen160
LaTeX Font Info:    Redeclaring font encoding OML on input line 743.
LaTeX Font Info:    Redeclaring font encoding OMS on input line 744.
\macc@depth=\count279
LaTeX Info: Redefining \bmod on input line 905.
LaTeX Info: Redefining \pmod on input line 910.
LaTeX Info: Redefining \smash on input line 940.
LaTeX Info: Redefining \relbar on input line 970.
LaTeX Info: Redefining \Relbar on input line 971.
\c@MaxMatrixCols=\count280
\dotsspace@=\muskip17
\c@parentequation=\count281
\dspbrk@lvl=\count282
\tag@help=\toks21
\row@=\count283
\column@=\count284
\maxfields@=\count285
\andhelp@=\toks22
\eqnshift@=\dimen161
\alignsep@=\dimen162
\tagshift@=\dimen163
\tagwidth@=\dimen164
\totwidth@=\dimen165
\lineht@=\dimen166
\@envbody=\toks23
\multlinegap=\skip69
\multlinetaggap=\skip70
\mathdisplay@stack=\toks24
LaTeX Info: Redefining \[ on input line 2953.
LaTeX Info: Redefining \] on input line 2954.
)
(/usr/share/texmf-dist/tex/latex/amscls/amsthm.sty
Package: amsthm 2020/05/29 v2.20.6
\thm@style=\toks25
\thm@bodyfont=\toks26
\thm@headfont=\toks27
\thm@notefont=\toks28
\thm@headpunct=\toks29
\thm@preskip=\skip71
\thm@postskip=\skip72
\thm@headsep=\skip73
\dth@everypar=\toks30
)
(/usr/share/texmf-dist/tex/latex/xpatch/xpatch.sty
(/usr/share/texmf-dist/tex/latex/l3kernel/expl3.sty
Package: expl3 2023-02-22 L3 programming layer (loader) 

(/usr/share/texmf-dist/tex/latex/l3backend/l3backend-luatex.def
File: l3backend-luatex.def 2023-01-16 L3 backend support: PDF output (LuaTeX)
\l__color_backend_stack_int=\count286
\l__pdf_internal_box=\box56
))
Package: xpatch 2020/03/25 v0.3a Extending etoolbox patching commands

(/usr/share/texmf-dist/tex/latex/l3packages/xparse/xparse.sty
Package: xparse 2023-02-02 L3 Experimental document command parser
))
Class scrbook Info: amsthm's \deferred@thm@head patched.

(/usr/share/texmf-dist/tex/latex/thmtools/thmtools.sty
Package: thmtools 2023/02/17 v0.75
\thmt@toks=\toks31
\c@thmt@dummyctr=\count287

(/usr/share/texmf-dist/tex/latex/thmtools/thm-patch.sty
Package: thm-patch 2023/02/17 v0.75

(/usr/share/texmf-dist/tex/latex/thmtools/parseargs.sty
Package: parseargs 2023/02/17 v0.75
\@parsespec=\toks32
))
(/usr/share/texmf-dist/tex/latex/thmtools/thm-kv.sty
Package: thm-kv 2023/02/17 v0.75
Package thm-kv Info: Theorem names will be uppercased on input line 42.
Package thm-kv Info: kvsetkeys patch (v1.16 or later) on input line 158.
)
(/usr/share/texmf-dist/tex/latex/thmtools/thm-autoref.sty
Package: thm-autoref 2023/02/17 v0.75

(/usr/share/texmf-dist/tex/latex/thmtools/aliasctr.sty
Package: aliasctr 2023/02/17 v0.75
))
(/usr/share/texmf-dist/tex/latex/thmtools/thm-listof.sty
Package: thm-listof 2023/02/17 v0.75
)
(/usr/share/texmf-dist/tex/latex/thmtools/thm-restate.sty
Package: thm-restate 2023/02/17 v0.75
)
(/usr/share/texmf-dist/tex/latex/thmtools/thm-amsthm.sty
Package: thm-amsthm 2023/02/17 v0.75
\thmt@style@headstyle=\toks33
))
(/usr/share/texmf-dist/tex/latex/pgfornament/pgfornament.sty
(/usr/share/texmf-dist/tex/latex/pgf/frontendlayer/tikz.sty
(/usr/share/texmf-dist/tex/latex/pgf/basiclayer/pgf.sty
(/usr/share/texmf-dist/tex/latex/pgf/utilities/pgfrcs.sty
(/usr/share/texmf-dist/tex/generic/pgf/utilities/pgfutil-common.tex
\pgfutil@everybye=\toks34
\pgfutil@tempdima=\dimen167
\pgfutil@tempdimb=\dimen168
)
(/usr/share/texmf-dist/tex/generic/pgf/utilities/pgfutil-latex.def
\pgfutil@abb=\box57
)
(/usr/share/texmf-dist/tex/generic/pgf/utilities/pgfrcs.code.tex
(/usr/share/texmf-dist/tex/generic/pgf/pgf.revision.tex)
Package: pgfrcs 2023-01-15 v3.1.10 (3.1.10)
))
Package: pgf 2023-01-15 v3.1.10 (3.1.10)

(/usr/share/texmf-dist/tex/latex/pgf/basiclayer/pgfcore.sty
(/usr/share/texmf-dist/tex/latex/graphics/graphicx.sty
Package: graphicx 2021/09/16 v1.2d Enhanced LaTeX Graphics (DPC,SPQR)

(/usr/share/texmf-dist/tex/latex/graphics/graphics.sty
Package: graphics 2022/03/10 v1.4e Standard LaTeX Graphics (DPC,SPQR)

(/usr/share/texmf-dist/tex/latex/graphics/trig.sty
Package: trig 2021/08/11 v1.11 sin cos tan (DPC)
)
(/usr/share/texmf-dist/tex/latex/graphics-cfg/graphics.cfg
File: graphics.cfg 2016/06/04 v1.11 sample graphics configuration
)
Package graphics Info: Driver file: luatex.def on input line 107.
)
\Gin@req@height=\dimen169
\Gin@req@width=\dimen170
)
(/usr/share/texmf-dist/tex/latex/pgf/systemlayer/pgfsys.sty
(/usr/share/texmf-dist/tex/generic/pgf/systemlayer/pgfsys.code.tex
Package: pgfsys 2023-01-15 v3.1.10 (3.1.10)

(/usr/share/texmf-dist/tex/generic/pgf/utilities/pgfkeys.code.tex
\pgfkeys@pathtoks=\toks35
\pgfkeys@temptoks=\toks36

(/usr/share/texmf-dist/tex/generic/pgf/utilities/pgfkeyslibraryfiltered.code.te
x
\pgfkeys@tmptoks=\toks37
))
\pgf@x=\dimen171
\pgf@y=\dimen172
\pgf@xa=\dimen173
\pgf@ya=\dimen174
\pgf@xb=\dimen175
\pgf@yb=\dimen176
\pgf@xc=\dimen177
\pgf@yc=\dimen178
\pgf@xd=\dimen179
\pgf@yd=\dimen180
\w@pgf@writea=\write3
\r@pgf@reada=\read2
\c@pgf@counta=\count288
\c@pgf@countb=\count289
\c@pgf@countc=\count290
\c@pgf@countd=\count291
\t@pgf@toka=\toks38
\t@pgf@tokb=\toks39
\t@pgf@tokc=\toks40
\pgf@sys@id@count=\count292
 (/usr/share/texmf-dist/tex/generic/pgf/systemlayer/pgf.cfg
File: pgf.cfg 2023-01-15 v3.1.10 (3.1.10)
)
Driver file for pgf: pgfsys-luatex.def

(/usr/share/texmf-dist/tex/generic/pgf/systemlayer/pgfsys-luatex.def
File: pgfsys-luatex.def 2023-01-15 v3.1.10 (3.1.10)

(/usr/share/texmf-dist/tex/generic/pgf/systemlayer/pgfsys-common-pdf.def
File: pgfsys-common-pdf.def 2023-01-15 v3.1.10 (3.1.10)
)))
(/usr/share/texmf-dist/tex/generic/pgf/systemlayer/pgfsyssoftpath.code.tex
File: pgfsyssoftpath.code.tex 2023-01-15 v3.1.10 (3.1.10)
\pgfsyssoftpath@smallbuffer@items=\count293
\pgfsyssoftpath@bigbuffer@items=\count294
)
(/usr/share/texmf-dist/tex/generic/pgf/systemlayer/pgfsysprotocol.code.tex
File: pgfsysprotocol.code.tex 2023-01-15 v3.1.10 (3.1.10)
))
(/usr/share/texmf-dist/tex/generic/pgf/basiclayer/pgfcore.code.tex
Package: pgfcore 2023-01-15 v3.1.10 (3.1.10)

(/usr/share/texmf-dist/tex/generic/pgf/math/pgfmath.code.tex
(/usr/share/texmf-dist/tex/generic/pgf/math/pgfmathutil.code.tex)
(/usr/share/texmf-dist/tex/generic/pgf/math/pgfmathparser.code.tex
\pgfmath@dimen=\dimen181
\pgfmath@count=\count295
\pgfmath@box=\box58
\pgfmath@toks=\toks41
\pgfmath@stack@operand=\toks42
\pgfmath@stack@operation=\toks43
)
(/usr/share/texmf-dist/tex/generic/pgf/math/pgfmathfunctions.code.tex)
(/usr/share/texmf-dist/tex/generic/pgf/math/pgfmathfunctions.basic.code.tex)
(/usr/share/texmf-dist/tex/generic/pgf/math/pgfmathfunctions.trigonometric.code
.tex)
(/usr/share/texmf-dist/tex/generic/pgf/math/pgfmathfunctions.random.code.tex)
(/usr/share/texmf-dist/tex/generic/pgf/math/pgfmathfunctions.comparison.code.te
x) (/usr/share/texmf-dist/tex/generic/pgf/math/pgfmathfunctions.base.code.tex)
(/usr/share/texmf-dist/tex/generic/pgf/math/pgfmathfunctions.round.code.tex)
(/usr/share/texmf-dist/tex/generic/pgf/math/pgfmathfunctions.misc.code.tex)
(/usr/share/texmf-dist/tex/generic/pgf/math/pgfmathfunctions.integerarithmetics
.code.tex) (/usr/share/texmf-dist/tex/generic/pgf/math/pgfmathcalc.code.tex)
(/usr/share/texmf-dist/tex/generic/pgf/math/pgfmathfloat.code.tex
\c@pgfmathroundto@lastzeros=\count296
))
(/usr/share/texmf-dist/tex/generic/pgf/math/pgfint.code.tex)
(/usr/share/texmf-dist/tex/generic/pgf/basiclayer/pgfcorepoints.code.tex
File: pgfcorepoints.code.tex 2023-01-15 v3.1.10 (3.1.10)
\pgf@picminx=\dimen182
\pgf@picmaxx=\dimen183
\pgf@picminy=\dimen184
\pgf@picmaxy=\dimen185
\pgf@pathminx=\dimen186
\pgf@pathmaxx=\dimen187
\pgf@pathminy=\dimen188
\pgf@pathmaxy=\dimen189
\pgf@xx=\dimen190
\pgf@xy=\dimen191
\pgf@yx=\dimen192
\pgf@yy=\dimen193
\pgf@zx=\dimen194
\pgf@zy=\dimen195
)
(/usr/share/texmf-dist/tex/generic/pgf/basiclayer/pgfcorepathconstruct.code.tex
File: pgfcorepathconstruct.code.tex 2023-01-15 v3.1.10 (3.1.10)
\pgf@path@lastx=\dimen196
\pgf@path@lasty=\dimen197
) (/usr/share/texmf-dist/tex/generic/pgf/basiclayer/pgfcorepathusage.code.tex
File: pgfcorepathusage.code.tex 2023-01-15 v3.1.10 (3.1.10)
\pgf@shorten@end@additional=\dimen198
\pgf@shorten@start@additional=\dimen199
)
(/usr/share/texmf-dist/tex/generic/pgf/basiclayer/pgfcorescopes.code.tex
File: pgfcorescopes.code.tex 2023-01-15 v3.1.10 (3.1.10)
\pgfpic=\box59
\pgf@hbox=\box60
\pgf@layerbox@main=\box61
\pgf@picture@serial@count=\count297
)
(/usr/share/texmf-dist/tex/generic/pgf/basiclayer/pgfcoregraphicstate.code.tex
File: pgfcoregraphicstate.code.tex 2023-01-15 v3.1.10 (3.1.10)
\pgflinewidth=\dimen256
)
(/usr/share/texmf-dist/tex/generic/pgf/basiclayer/pgfcoretransformations.code.t
ex
File: pgfcoretransformations.code.tex 2023-01-15 v3.1.10 (3.1.10)
\pgf@pt@x=\dimen257
\pgf@pt@y=\dimen258
\pgf@pt@temp=\dimen259
) (/usr/share/texmf-dist/tex/generic/pgf/basiclayer/pgfcorequick.code.tex
File: pgfcorequick.code.tex 2023-01-15 v3.1.10 (3.1.10)
)
(/usr/share/texmf-dist/tex/generic/pgf/basiclayer/pgfcoreobjects.code.tex
File: pgfcoreobjects.code.tex 2023-01-15 v3.1.10 (3.1.10)
)
(/usr/share/texmf-dist/tex/generic/pgf/basiclayer/pgfcorepathprocessing.code.te
x
File: pgfcorepathprocessing.code.tex 2023-01-15 v3.1.10 (3.1.10)
) (/usr/share/texmf-dist/tex/generic/pgf/basiclayer/pgfcorearrows.code.tex
File: pgfcorearrows.code.tex 2023-01-15 v3.1.10 (3.1.10)
\pgfarrowsep=\dimen260
)
(/usr/share/texmf-dist/tex/generic/pgf/basiclayer/pgfcoreshade.code.tex
File: pgfcoreshade.code.tex 2023-01-15 v3.1.10 (3.1.10)
\pgf@max=\dimen261
\pgf@sys@shading@range@num=\count298
\pgf@shadingcount=\count299
)
(/usr/share/texmf-dist/tex/generic/pgf/basiclayer/pgfcoreimage.code.tex
File: pgfcoreimage.code.tex 2023-01-15 v3.1.10 (3.1.10)
)
(/usr/share/texmf-dist/tex/generic/pgf/basiclayer/pgfcoreexternal.code.tex
File: pgfcoreexternal.code.tex 2023-01-15 v3.1.10 (3.1.10)
\pgfexternal@startupbox=\box62
)
(/usr/share/texmf-dist/tex/generic/pgf/basiclayer/pgfcorelayers.code.tex
File: pgfcorelayers.code.tex 2023-01-15 v3.1.10 (3.1.10)
)
(/usr/share/texmf-dist/tex/generic/pgf/basiclayer/pgfcoretransparency.code.tex
File: pgfcoretransparency.code.tex 2023-01-15 v3.1.10 (3.1.10)
) (/usr/share/texmf-dist/tex/generic/pgf/basiclayer/pgfcorepatterns.code.tex
File: pgfcorepatterns.code.tex 2023-01-15 v3.1.10 (3.1.10)
)
(/usr/share/texmf-dist/tex/generic/pgf/basiclayer/pgfcorerdf.code.tex
File: pgfcorerdf.code.tex 2023-01-15 v3.1.10 (3.1.10)
)))
(/usr/share/texmf-dist/tex/generic/pgf/modules/pgfmoduleshapes.code.tex
File: pgfmoduleshapes.code.tex 2023-01-15 v3.1.10 (3.1.10)
\pgfnodeparttextbox=\box63
)
(/usr/share/texmf-dist/tex/generic/pgf/modules/pgfmoduleplot.code.tex
File: pgfmoduleplot.code.tex 2023-01-15 v3.1.10 (3.1.10)
)
(/usr/share/texmf-dist/tex/latex/pgf/compatibility/pgfcomp-version-0-65.sty
Package: pgfcomp-version-0-65 2023-01-15 v3.1.10 (3.1.10)
\pgf@nodesepstart=\dimen262
\pgf@nodesepend=\dimen263
)
(/usr/share/texmf-dist/tex/latex/pgf/compatibility/pgfcomp-version-1-18.sty
Package: pgfcomp-version-1-18 2023-01-15 v3.1.10 (3.1.10)
))
(/usr/share/texmf-dist/tex/latex/pgf/utilities/pgffor.sty
(/usr/share/texmf-dist/tex/latex/pgf/utilities/pgfkeys.sty
(/usr/share/texmf-dist/tex/generic/pgf/utilities/pgfkeys.code.tex))
(/usr/share/texmf-dist/tex/latex/pgf/math/pgfmath.sty
(/usr/share/texmf-dist/tex/generic/pgf/math/pgfmath.code.tex))
(/usr/share/texmf-dist/tex/generic/pgf/utilities/pgffor.code.tex
Package: pgffor 2023-01-15 v3.1.10 (3.1.10)
\pgffor@iter=\dimen264
\pgffor@skip=\dimen265
\pgffor@stack=\toks44
\pgffor@toks=\toks45
))
(/usr/share/texmf-dist/tex/generic/pgf/frontendlayer/tikz/tikz.code.tex
Package: tikz 2023-01-15 v3.1.10 (3.1.10)

(/usr/share/texmf-dist/tex/generic/pgf/libraries/pgflibraryplothandlers.code.te
x
File: pgflibraryplothandlers.code.tex 2023-01-15 v3.1.10 (3.1.10)
\pgf@plot@mark@count=\count300
\pgfplotmarksize=\dimen266
)
\tikz@lastx=\dimen267
\tikz@lasty=\dimen268
\tikz@lastxsaved=\dimen269
\tikz@lastysaved=\dimen270
\tikz@lastmovetox=\dimen271
\tikz@lastmovetoy=\dimen272
\tikzleveldistance=\dimen273
\tikzsiblingdistance=\dimen274
\tikz@figbox=\box64
\tikz@figbox@bg=\box65
\tikz@tempbox=\box66
\tikz@tempbox@bg=\box67
\tikztreelevel=\count301
\tikznumberofchildren=\count302
\tikznumberofcurrentchild=\count303
\tikz@fig@count=\count304
 (/usr/share/texmf-dist/tex/generic/pgf/modules/pgfmodulematrix.code.tex
File: pgfmodulematrix.code.tex 2023-01-15 v3.1.10 (3.1.10)
\pgfmatrixcurrentrow=\count305
\pgfmatrixcurrentcolumn=\count306
\pgf@matrix@numberofcolumns=\count307
)
\tikz@expandcount=\count308

(/usr/share/texmf-dist/tex/generic/pgf/frontendlayer/tikz/libraries/tikzlibrary
topaths.code.tex
File: tikzlibrarytopaths.code.tex 2023-01-15 v3.1.10 (3.1.10)
))) (/usr/share/texmf-dist/tex/latex/pgfopts/pgfopts.sty
Package: pgfopts 2014/07/10 v2.1a LaTeX package options with pgfkeys
\pgfopts@list@add@a@toks=\toks46
\pgfopts@list@add@b@toks=\toks47
)
Package: pgfornament 2020/05/26 v1.2 vector ornaments

(/usr/share/texmf-dist/tex/latex/pgfornament/pgflibraryvectorian.code.tex
2020/04/06 1.1 pgflibraryvectorian.code.tex
)) (/usr/share/texmf-dist/tex/latex/titling/titling.sty
Package: titling 2009/09/04 v2.1d maketitle typesetting
\thanksmarkwidth=\skip74
\thanksmargin=\skip75
\droptitle=\skip76
)
(/usr/share/texmf-dist/tex/latex/lipsum/lipsum.sty
(/usr/share/texmf-dist/tex/latex/l3packages/l3keys2e/l3keys2e.sty
Package: l3keys2e 2023-02-02 LaTeX2e option processing using LaTeX3 keys
)
Package: lipsum 2021-09-20 v2.7 150 paragraphs of Lorem Ipsum dummy text
\g__lipsum_par_int=\count309
\l__lipsum_a_int=\count310
\l__lipsum_b_int=\count311

(/usr/share/texmf-dist/tex/latex/lipsum/lipsum.ltd.tex))
(/usr/share/texmf-dist/tex/latex/eso-pic/eso-pic.sty
Package: eso-pic 2020/10/14 v3.0a eso-pic (RN)
\ESO@tempdima=\dimen275
\ESO@tempdimb=\dimen276
)
(/usr/share/texmf-dist/tex/latex/koma-script/scrlayer-scrpage.sty
Package: scrlayer-scrpage 2022/10/12 v3.38 KOMA-Script package (end user interf
ace for scrlayer)

(/usr/share/texmf-dist/tex/latex/koma-script/scrlayer.sty
Package: scrlayer 2022/10/12 v3.38 KOMA-Script package (defining layers and pag
e styles)
Package scrlayer Info: patching LaTeX kernel macro \pagestyle on input line 217
6.
)
Package scrlayer-scrpage Info: Makeing stand-alone element `pagehead' from
(scrlayer-scrpage)             alias to `pageheadfoot' on input line 1089.


Package scrlayer-scrpage Warning: it seems that package `titlesec' is used
(scrlayer-scrpage)                and has already defined `\newpagestyle'.
(scrlayer-scrpage)                To avoid this warning message, you should
(scrlayer-scrpage)                load package `titlesec' not before package
(scrlayer-scrpage)                `scrlayer-scrpage'. If you need `titlesec'
(scrlayer-scrpage)                you could load it after `scrlayer-scrpage',
(scrlayer-scrpage)                but you still would not be able to use
(scrlayer-scrpage)                the `titlesec' implemenation of
(scrlayer-scrpage)                `\newpagestyle'.


Package scrlayer-scrpage Warning: It seems that package `titlesec' is used
(scrlayer-scrpage)                and has already defined `\renewpagestyle'.
(scrlayer-scrpage)                To avoid this warning message, you should
(scrlayer-scrpage)                load package `titlesec' not before package
(scrlayer-scrpage)                `scrlayer-scrpage'. If you need `titlesec'
(scrlayer-scrpage)                you could load it after `scrlayer-scrpage',
(scrlayer-scrpage)                but you still would not be able to use
(scrlayer-scrpage)                the `titlesec' implemenation of
(scrlayer-scrpage)                `\renewpagestyle'.

)
1: section
1: chapter
1: chapter
1: section
(/usr/share/texmf-dist/tex/latex/cleveref/cleveref.sty
Package: cleveref 2018/03/27 v0.21.4 Intelligent cross-referencing
Package cleveref Info: `hyperref' support loaded on input line 2370.
LaTeX Info: Redefining \cref on input line 2370.
LaTeX Info: Redefining \Cref on input line 2370.
LaTeX Info: Redefining \crefrange on input line 2370.
LaTeX Info: Redefining \Crefrange on input line 2370.
LaTeX Info: Redefining \cpageref on input line 2370.
LaTeX Info: Redefining \Cpageref on input line 2370.
LaTeX Info: Redefining \cpagerefrange on input line 2370.
LaTeX Info: Redefining \Cpagerefrange on input line 2370.
LaTeX Info: Redefining \labelcref on input line 2370.
LaTeX Info: Redefining \labelcpageref on input line 2370.
Package cleveref Info: `amsthm' support loaded on input line 3026.
Package cleveref Info: include cross-reference names in hyperlinks on input lin
e 7836.
Package cleveref Info: include cross-reference names in hyperlinks on input lin
e 7852.
)
(/usr/share/texmf-dist/tex/latex/todonotes/todonotes.sty
Package: todonotes 2023/01/31 v1.1.6 Todonotes source and documentation.
Package: todonotes 2023/01/31

(/usr/share/texmf-dist/tex/latex/base/ifthen.sty
Package: ifthen 2022/04/13 v1.1d Standard LaTeX ifthen package (DPC)
)
(/usr/share/texmf-dist/tex/latex/xkeyval/xkeyval.sty
Package: xkeyval 2022/06/16 v2.9 package option processing (HA)

(/usr/share/texmf-dist/tex/generic/xkeyval/xkeyval.tex
(/usr/share/texmf-dist/tex/generic/xkeyval/xkvutils.tex
\XKV@toks=\toks48
\XKV@tempa@toks=\toks49
)
\XKV@depth=\count312
File: xkeyval.tex 2014/12/03 v2.7a key=value parser (HA)
))
(/usr/share/texmf-dist/tex/generic/pgf/frontendlayer/tikz/libraries/tikzlibrary
positioning.code.tex
File: tikzlibrarypositioning.code.tex 2023-01-15 v3.1.10 (3.1.10)
) (/usr/share/texmf-dist/tex/latex/tools/calc.sty
Package: calc 2017/05/25 v4.3 Infix arithmetic (KKT,FJ)
\calc@Acount=\count313
\calc@Bcount=\count314
\calc@Adimen=\dimen277
\calc@Bdimen=\dimen278
\calc@Askip=\skip77
\calc@Bskip=\skip78
LaTeX Info: Redefining \setlength on input line 80.
LaTeX Info: Redefining \addtolength on input line 81.
\calc@Ccount=\count315
\calc@Cskip=\skip79
)
\c@@todonotes@numberoftodonotes=\count316
)
(/usr/share/texmf-dist/tex/generic/pgf/libraries/pgflibraryarrows.meta.code.tex
File: pgflibraryarrows.meta.code.tex 2023-01-15 v3.1.10 (3.1.10)
\pgfarrowinset=\dimen279
\pgfarrowlength=\dimen280
\pgfarrowwidth=\dimen281
\pgfarrowlinewidth=\dimen282
) (/usr/share/texmf-dist/tex/latex/pgfplots/pgfplots.sty
(/usr/share/texmf-dist/tex/generic/pgfplots/pgfplots.revision.tex)
Package: pgfplots 2021/05/15 v1.18.1 Data Visualization (1.18.1)

(/usr/share/texmf-dist/tex/generic/pgfplots/pgfplots.code.tex
(/usr/share/texmf-dist/tex/generic/pgfplots/pgfplotscore.code.tex
Package pgfplots info on input line 124: Initializing with LUA version Lua 5.3
\pgfplots@luabackend@table=\catcodetable12
\t@pgfplots@toka=\toks50
\t@pgfplots@tokb=\toks51
\t@pgfplots@tokc=\toks52
\pgfplots@tmpa=\dimen283
\c@pgfplots@coordindex=\count317
\c@pgfplots@scanlineindex=\count318

(/usr/share/texmf-dist/tex/generic/pgfplots/sys/pgfplotssysgeneric.code.tex))
(/usr/share/texmf-dist/tex/generic/pgfplots/libs/pgfplotslibrary.code.tex)
(/usr/share/texmf-dist/tex/generic/pgfplots/oldpgfcompatib/pgfplotsoldpgfsupp_l
oader.code.tex
(/usr/share/texmf-dist/tex/generic/pgf/libraries/pgflibraryfpu.code.tex)
Package pgfplots: loading complementary utilities for your pgf version...
\t@pgf@toka=\toks53
\t@pgf@tokb=\toks54
\t@pgf@tokc=\toks55

(/usr/share/texmf-dist/tex/generic/pgfplots/oldpgfcompatib/pgfplotsoldpgfsupp_p
gfutil-common-lists.tex)
(/usr/share/texmf-dist/tex/generic/pgf/libraries/luamath/pgflibraryluamath.code
.tex)
Package pgfplots info on input line 290: luamath library shipped with pgf 3.1.1
0 is up-to-date
) (/usr/share/texmf-dist/tex/generic/pgfplots/util/pgfplotsutil.code.tex
Package pgfplots info on input line 82: Found new luatex: initializing lua comm
ands instead of write18 (shell-escape)

(/usr/share/texmf-dist/tex/generic/pgfplots/liststructure/pgfplotsliststructure
.code.tex)
(/usr/share/texmf-dist/tex/generic/pgfplots/liststructure/pgfplotsliststructure
ext.code.tex)
(/usr/share/texmf-dist/tex/generic/pgfplots/liststructure/pgfplotsarray.code.te
x
\c@pgfplotsarray@tmp=\count319
)
(/usr/share/texmf-dist/tex/generic/pgfplots/liststructure/pgfplotsmatrix.code.t
ex)
(/usr/share/texmf-dist/tex/generic/pgfplots/numtable/pgfplotstableshared.code.t
ex
\c@pgfplotstable@counta=\count320
\t@pgfplotstable@a=\toks56
)
(/usr/share/texmf-dist/tex/generic/pgfplots/liststructure/pgfplotsdeque.code.te
x) (/usr/share/texmf-dist/tex/generic/pgfplots/util/pgfplotsbinary.code.tex
(/usr/share/texmf-dist/tex/generic/pgfplots/util/pgfplotsbinary.data.code.tex)) (/usr/share/texmf-dist/tex/generic/pgfplots/util/pgfplotsutil.verb.code.tex)
(/usr/share/texmf-dist/tex/generic/pgfplots/libs/pgflibrarypgfplots.surfshading
.code.tex
\c@pgfplotslibrarysurf@no=\count321

(/usr/share/texmf-dist/tex/generic/pgfplots/sys/pgflibrarypgfplots.surfshading.
pgfsys-luatex.def)))
(/usr/share/texmf-dist/tex/generic/pgfplots/util/pgfplotscolormap.code.tex
(/usr/share/texmf-dist/tex/generic/pgfplots/util/pgfplotscolor.code.tex))
(/usr/share/texmf-dist/tex/generic/pgfplots/pgfplotsstackedplots.code.tex)
(/usr/share/texmf-dist/tex/generic/pgfplots/pgfplotsplothandlers.code.tex
(/usr/share/texmf-dist/tex/generic/pgfplots/pgfplotsmeshplothandler.code.tex
(/usr/share/texmf-dist/tex/generic/pgfplots/pgfplotsmeshplotimage.code.tex)))
(/usr/share/texmf-dist/tex/generic/pgfplots/pgfplots.scaling.code.tex)
(/usr/share/texmf-dist/tex/generic/pgfplots/pgfplotscoordprocessing.code.tex)
(/usr/share/texmf-dist/tex/generic/pgfplots/pgfplots.errorbars.code.tex)
(/usr/share/texmf-dist/tex/generic/pgfplots/pgfplots.markers.code.tex)
(/usr/share/texmf-dist/tex/generic/pgfplots/pgfplotsticks.code.tex)
(/usr/share/texmf-dist/tex/generic/pgfplots/pgfplots.paths.code.tex)
(/usr/share/texmf-dist/tex/generic/pgf/frontendlayer/tikz/libraries/tikzlibrary
decorations.code.tex
(/usr/share/texmf-dist/tex/generic/pgf/modules/pgfmoduledecorations.code.tex
\pgfdecoratedcompleteddistance=\dimen284
\pgfdecoratedremainingdistance=\dimen285
\pgfdecoratedinputsegmentcompleteddistance=\dimen286
\pgfdecoratedinputsegmentremainingdistance=\dimen287
\pgf@decorate@distancetomove=\dimen288
\pgf@decorate@repeatstate=\count322
\pgfdecorationsegmentamplitude=\dimen289
\pgfdecorationsegmentlength=\dimen290
)
\tikz@lib@dec@box=\box68
)
(/usr/share/texmf-dist/tex/generic/pgf/frontendlayer/tikz/libraries/tikzlibrary
decorations.pathmorphing.code.tex
(/usr/share/texmf-dist/tex/generic/pgf/libraries/decorations/pgflibrarydecorati
ons.pathmorphing.code.tex))
(/usr/share/texmf-dist/tex/generic/pgf/frontendlayer/tikz/libraries/tikzlibrary
decorations.pathreplacing.code.tex
(/usr/share/texmf-dist/tex/generic/pgf/libraries/decorations/pgflibrarydecorati
ons.pathreplacing.code.tex))
(/usr/share/texmf-dist/tex/generic/pgfplots/libs/tikzlibrarypgfplots.contourlua
.code.tex)
\pgfplots@numplots=\count323
\pgfplots@xmin@reg=\dimen291
\pgfplots@xmax@reg=\dimen292
\pgfplots@ymin@reg=\dimen293
\pgfplots@ymax@reg=\dimen294
\pgfplots@zmin@reg=\dimen295
\pgfplots@zmax@reg=\dimen296
)
(/usr/share/texmf-dist/tex/generic/pgf/frontendlayer/tikz/libraries/tikzlibrary
plotmarks.code.tex
File: tikzlibraryplotmarks.code.tex 2023-01-15 v3.1.10 (3.1.10)

(/usr/share/texmf-dist/tex/generic/pgf/libraries/pgflibraryplotmarks.code.tex
File: pgflibraryplotmarks.code.tex 2023-01-15 v3.1.10 (3.1.10)
))) (/usr/share/texmf-dist/tex/latex/physics/physics.sty
Package: physics 
)
(/usr/share/texmf-dist/tex/generic/mathdots/mathdots.sty
Package: mathdots 2014/06/11 v0.9 Improve and add various macros for dots in ma
th.
\MDo@unit=\dimen297
\MDo@dotsbox=\box69
\MDoprekern=\muskip18
\MDopostkern=\muskip19
\MDodotkern=\muskip20
)
(/usr/share/texmf-dist/tex/latex/yhmath/yhmath.sty
Package: yhmath 2020/03/17 v1.6
\symyhlargesymbols=\mathgroup4
LaTeX Font Info:    Redeclaring math accent \widetilde on input line 29.
LaTeX Font Info:    Redeclaring math accent \widehat on input line 30.
LaTeX Font Info:    Redeclaring math symbol \braceld on input line 48.
LaTeX Font Info:    Redeclaring math symbol \bracerd on input line 49.
LaTeX Font Info:    Redeclaring math symbol \bracelu on input line 50.
LaTeX Font Info:    Redeclaring math symbol \braceru on input line 51.
LaTeX Font Info:    Redeclaring math delimiter \lmoustache on input line 53.
LaTeX Font Info:    Redeclaring math delimiter \rmoustache on input line 55.
LaTeX Font Info:    Redeclaring math delimiter \arrowvert on input line 57.
LaTeX Font Info:    Redeclaring math delimiter \Arrowvert on input line 59.
LaTeX Font Info:    Redeclaring math delimiter \Vert on input line 61.
LaTeX Font Info:    Redeclaring math delimiter \vert on input line 63.
LaTeX Font Info:    Redeclaring math delimiter \uparrow on input line 65.
LaTeX Font Info:    Redeclaring math delimiter \downarrow on input line 67.
LaTeX Font Info:    Redeclaring math delimiter \updownarrow on input line 69.
LaTeX Font Info:    Redeclaring math delimiter \Uparrow on input line 71.
LaTeX Font Info:    Redeclaring math delimiter \Downarrow on input line 73.
LaTeX Font Info:    Redeclaring math delimiter \Updownarrow on input line 75.
LaTeX Font Info:    Redeclaring math delimiter \backslash on input line 79.
LaTeX Font Info:    Redeclaring math delimiter \rangle on input line 81.
LaTeX Font Info:    Redeclaring math delimiter \langle on input line 83.
LaTeX Font Info:    Redeclaring math delimiter \rbrace on input line 85.
LaTeX Font Info:    Redeclaring math delimiter \lbrace on input line 87.
LaTeX Font Info:    Redeclaring math delimiter \rceil on input line 89.
LaTeX Font Info:    Redeclaring math delimiter \lceil on input line 91.
LaTeX Font Info:    Redeclaring math delimiter \rfloor on input line 93.
LaTeX Font Info:    Redeclaring math delimiter \lfloor on input line 95.
LaTeX Font Info:    Redeclaring math delimiter \lgroup on input line 97.
LaTeX Font Info:    Redeclaring math delimiter \rgroup on input line 99.
LaTeX Font Info:    Redeclaring math delimiter \bracevert on input line 101.
)
(/usr/share/texmf-dist/tex/latex/cancel/cancel.sty
Package: cancel 2013/04/12 v2.2 Cancel math terms
)
(/usr/share/texmf-dist/tex/latex/siunitx/siunitx.sty
Package: siunitx 2023-03-04 v3.2.2 A comprehensive (SI) units package
\l__siunitx_angle_tmp_dim=\dimen298
\l__siunitx_angle_marker_box=\box70
\l__siunitx_angle_unit_box=\box71
\l__siunitx_compound_count_int=\count324

(/usr/share/texmf-dist/tex/latex/translations/translations.sty
Package: translations 2022/02/05 v1.12 internationalization of LaTeX2e packages
 (CN)
)
\l__siunitx_number_exponent_fixed_int=\count325
\l__siunitx_number_min_decimal_int=\count326
\l__siunitx_number_min_integer_int=\count327
\l__siunitx_number_round_precision_int=\count328
\l__siunitx_number_lower_threshold_int=\count329
\l__siunitx_number_upper_threshold_int=\count330
\l__siunitx_number_group_first_int=\count331
\l__siunitx_number_group_size_int=\count332
\l__siunitx_number_group_minimum_int=\count333
\l__siunitx_table_tmp_box=\box72
\l__siunitx_table_tmp_dim=\dimen299
\l__siunitx_table_column_width_dim=\dimen300
\l__siunitx_table_integer_box=\box73
\l__siunitx_table_decimal_box=\box74
\l__siunitx_table_uncert_box=\box75
\l__siunitx_table_before_box=\box76
\l__siunitx_table_after_box=\box77
\l__siunitx_table_before_dim=\dimen301
\l__siunitx_table_carry_dim=\dimen302
\l__siunitx_unit_tmp_int=\count334
\l__siunitx_unit_position_int=\count335
\l__siunitx_unit_total_int=\count336

(/usr/share/texmf-dist/tex/latex/tools/array.sty
Package: array 2022/09/04 v2.5g Tabular extension package (FMi)
\col@sep=\dimen303
\ar@mcellbox=\box78
\extrarowheight=\dimen304
\NC@list=\toks57
\extratabsurround=\skip80
\backup@length=\skip81
\ar@cellbox=\box79
))
(/usr/share/texmf-dist/tex/latex/multirow/multirow.sty
Package: multirow 2021/03/15 v2.8 Span multiple rows of a table
\multirow@colwidth=\skip82
\multirow@cntb=\count337
\multirow@dima=\skip83
\bigstrutjot=\dimen305
)
(/usr/share/texmf-dist/tex/latex/gensymb/gensymb.sty
Package: gensymb 2022/10/17 v1.0.2 (KJH)
)
(/usr/share/texmf-dist/tex/latex/tools/tabularx.sty
Package: tabularx 2020/01/15 v2.11c `tabularx' package (DPC)
\TX@col@width=\dimen306
\TX@old@table=\dimen307
\TX@old@col=\dimen308
\TX@target=\dimen309
\TX@delta=\dimen310
\TX@cols=\count338
\TX@ftn=\toks58
)
(/usr/share/texmf-dist/tex/latex/extarrows/extarrows.sty
Package: extarrows 2020/03/12 v1.2.0 Some extensible arrows
)
(/usr/share/texmf-dist/tex/latex/booktabs/booktabs.sty
Package: booktabs 2020/01/12 v1.61803398 Publication quality tables
\heavyrulewidth=\dimen311
\lightrulewidth=\dimen312
\cmidrulewidth=\dimen313
\belowrulesep=\dimen314
\belowbottomsep=\dimen315
\aboverulesep=\dimen316
\abovetopsep=\dimen317
\cmidrulesep=\dimen318
\cmidrulekern=\dimen319
\defaultaddspace=\dimen320
\@cmidla=\count339
\@cmidlb=\count340
\@aboverulesep=\dimen321
\@belowrulesep=\dimen322
\@thisruleclass=\count341
\@lastruleclass=\count342
\@thisrulewidth=\dimen323
))
(/usr/share/texmf-dist/tex/latex/tkz-euclide/tkz-euclide.sty
2023/02/03 5.02c tkz-euclide.sty
Package: tkz-euclide  2023/02/03 5.02c for pure Euclidean Geometry 

(/usr/share/texmf-dist/tex/generic/pgf/frontendlayer/tikz/libraries/tikzlibrary
angles.code.tex
File: tikzlibraryangles.code.tex 2023-01-15 v3.1.10 (3.1.10)
)
(/usr/share/texmf-dist/tex/generic/pgf/frontendlayer/tikz/libraries/tikzlibrary
arrows.code.tex
File: tikzlibraryarrows.code.tex 2023-01-15 v3.1.10 (3.1.10)

(/usr/share/texmf-dist/tex/generic/pgf/libraries/pgflibraryarrows.code.tex
File: pgflibraryarrows.code.tex 2023-01-15 v3.1.10 (3.1.10)
\arrowsize=\dimen324
))
(/usr/share/texmf-dist/tex/generic/pgf/frontendlayer/tikz/libraries/tikzlibrary
backgrounds.code.tex
File: tikzlibrarybackgrounds.code.tex 2023-01-15 v3.1.10 (3.1.10)
\pgf@layerbox@background=\box80
\pgf@layerboxsaved@background=\box81
)
(/usr/share/texmf-dist/tex/generic/pgf/frontendlayer/tikz/libraries/tikzlibrary
calc.code.tex
File: tikzlibrarycalc.code.tex 2023-01-15 v3.1.10 (3.1.10)
)
(/usr/share/texmf-dist/tex/generic/pgf/frontendlayer/tikz/libraries/tikzlibrary
decorations.markings.code.tex
(/usr/share/texmf-dist/tex/generic/pgf/libraries/decorations/pgflibrarydecorati
ons.markings.code.tex))
(/usr/share/texmf-dist/tex/generic/pgf/frontendlayer/tikz/libraries/tikzlibrary
decorations.shapes.code.tex
(/usr/share/texmf-dist/tex/generic/pgf/libraries/decorations/pgflibrarydecorati
ons.shapes.code.tex))
(/usr/share/texmf-dist/tex/generic/pgf/frontendlayer/tikz/libraries/tikzlibrary
decorations.text.code.tex
(/usr/share/texmf-dist/tex/generic/pgf/libraries/decorations/pgflibrarydecorati
ons.text.code.tex
\pgf@lib@dec@text@box=\box82
)
\tikz@lib@dec@te@box=\box83
)
(/usr/share/texmf-dist/tex/generic/pgf/frontendlayer/tikz/libraries/tikzlibrary
intersections.code.tex
(/usr/share/texmf-dist/tex/generic/pgf/libraries/pgflibraryintersections.code.t
ex
\pgf@intersect@solutions=\count343
))
(/usr/share/texmf-dist/tex/generic/pgf/frontendlayer/tikz/libraries/tikzlibrary
math.code.tex
(/usr/share/texmf-dist/tex/generic/pgf/frontendlayer/tikz/libraries/tikzlibrary
fpu.code.tex)
\tikz@math@for@depth=\count344
\tikz@math@dimen=\dimen325
\tikz@math@toks=\toks59
)
(/usr/share/texmf-dist/tex/generic/pgf/frontendlayer/tikz/libraries/tikzlibrary
quotes.code.tex
File: tikzlibraryquotes.code.tex 2023-01-15 v3.1.10 (3.1.10)
)
(/usr/share/texmf-dist/tex/generic/pgf/frontendlayer/tikz/libraries/tikzlibrary
shapes.misc.code.tex
File: tikzlibraryshapes.misc.code.tex 2023-01-15 v3.1.10 (3.1.10)

(/usr/share/texmf-dist/tex/generic/pgf/libraries/shapes/pgflibraryshapes.misc.c
ode.tex
File: pgflibraryshapes.misc.code.tex 2023-01-15 v3.1.10 (3.1.10)
))
(/usr/share/texmf-dist/tex/generic/pgf/frontendlayer/tikz/libraries/tikzlibrary
through.code.tex
File: tikzlibrarythrough.code.tex 2023-01-15 v3.1.10 (3.1.10)
) (/usr/share/texmf-dist/tex/latex/l3packages/xfp/xfp.sty
Package: xfp 2023-02-02 L3 Floating point unit
)
\tkzRadius=\dimen326
\tkzLength=\dimen327
\tkz@radi=\dimen328
\tkz@ax=\dimen329
\tkz@ay=\dimen330
\tkz@bx=\dimen331
\tkz@by=\dimen332
\tkz@cx=\dimen333
\tkz@cy=\dimen334
\tkz@dx=\dimen335
\tkz@dy=\dimen336
\tkz@cntmk=\count345

Local configuration file tkz-euclide.cfg found and used
(/usr/share/texmf-dist/tex/latex/tkz-euclide/tkz-euclide.cfg
2023/02/03 5.02c tkz-euclide.cfg
) (/usr/share/texmf-dist/tex/latex/tkz-euclide/tkz-tools-eu-base.tex
2023/02/03 5.02c tkz-tools-eu-base.tex
) (/usr/share/texmf-dist/tex/latex/tkz-euclide/tkz-tools-eu-utilities.tex
2023/02/03 5.02c tkz-tools-eu-utilities.tex
) (/usr/share/texmf-dist/tex/latex/tkz-euclide/tkz-tools-eu-BB.tex
2023/02/03 5.02c tkz-obj-eu-BB.tex
) (/usr/share/texmf-dist/tex/latex/tkz-euclide/tkz-obj-eu-grids.tex
2023/02/03 5.02c tkz-obj-eu-grids.tex
) (/usr/share/texmf-dist/tex/latex/tkz-euclide/tkz-lib-eu-marks.tex
2023/02/03 5.02c tkz-lib-eu-marks.tex
) (/usr/share/texmf-dist/tex/latex/tkz-euclide/tkz-tools-eu-text.tex
2023/02/03 5.02c tkz-tools-eu-text.tex
) (/usr/share/texmf-dist/tex/latex/tkz-euclide/tkz-lib-eu-shape.tex
2023/02/03 5.02c tkz-lib-eu-shape.tex
) (/usr/share/texmf-dist/tex/latex/tkz-euclide/tkz-obj-eu-axesmin.tex
2023/02/03 5.02c tkz-obj-eu-axesmin
) (/usr/share/texmf-dist/tex/latex/tkz-euclide/tkz-tools-eu-colors.tex
2023/02/03 5.02c tkz-tools-eu-colors
) (/usr/share/texmf-dist/tex/latex/tkz-euclide/tkz-obj-eu-points.tex
2023/02/03 5.02c tkz-obj-eu-points.tex
) (/usr/share/texmf-dist/tex/latex/tkz-euclide/tkz-draw-eu-points.tex
2023/01/24 5.01c tkz-draw-points.tex
) (/usr/share/texmf-dist/tex/latex/tkz-euclide/tkz-obj-eu-points.tex
2023/02/03 5.02c tkz-obj-eu-points.tex
) (/usr/share/texmf-dist/tex/latex/tkz-euclide/tkz-obj-eu-points-by.tex
2023/02/03 5.02c tkz-tools-eu-points-by.tex
) (/usr/share/texmf-dist/tex/latex/tkz-euclide/tkz-tools-eu-math.tex
2023/02/03 5.02c tkz-tools-eu-math.tex
) (/usr/share/texmf-dist/tex/latex/tkz-euclide/tkz-tools-eu-intersections.tex
2023/02/03 5.02c tkz-tools-eu-intersections.tex
) (/usr/share/texmf-dist/tex/latex/tkz-euclide/tkz-obj-eu-points-with.tex
2023/02/03 5.02c tkz-obj-eu-points-with.tex
) (/usr/share/texmf-dist/tex/latex/tkz-euclide/tkz-obj-eu-points-spc.tex
2023/02/03 5.02c tkz-obj-el-points.tex
) (/usr/share/texmf-dist/tex/latex/tkz-euclide/tkz-tools-eu-angles.tex
2023/02/03 5.02c tkz-tools-eu-angles.tex
) (/usr/share/texmf-dist/tex/latex/tkz-euclide/tkz-obj-eu-points-rnd.tex
2023/02/03 5.02c tkz-obj-eu-points-rnd.tex
) (/usr/share/texmf-dist/tex/latex/tkz-euclide/tkz-obj-eu-circles.tex
2023/02/03 5.02c tkz-obj-eu-circles.tex
) (/usr/share/texmf-dist/tex/latex/tkz-euclide/tkz-obj-eu-circles-by.tex
2023/02/03 5.02c tkz-obj-eu-circles.tex
) (/usr/share/texmf-dist/tex/latex/tkz-euclide/tkz-obj-eu-lines.tex
2023/02/03 5.02c tkz-obj-eu-lines.tex
) (/usr/share/texmf-dist/tex/latex/tkz-euclide/tkz-obj-eu-polygons.tex
2023/02/03 5.02c tkz-obj-eu-polygons.tex
) (/usr/share/texmf-dist/tex/latex/tkz-euclide/tkz-obj-eu-triangles.tex
2023/02/03 5.02c tkz-obj-eu-triangles.tex
) (/usr/share/texmf-dist/tex/latex/tkz-euclide/tkz-draw-eu-lines.tex
2023/02/03 5.02c tkz-obj-eu-draw-lines.tex
) (/usr/share/texmf-dist/tex/latex/tkz-euclide/tkz-draw-eu-circles.tex
2023/02/03 5.02c tkz-obj-eu-draw-circles.tex
) (/usr/share/texmf-dist/tex/latex/tkz-euclide/tkz-draw-eu-polygons.tex
2023/02/03 5.02c tkz-obj-eu-polygons.tex
) (/usr/share/texmf-dist/tex/latex/tkz-euclide/tkz-draw-eu-angles.tex
2023/02/03 5.02c tkz-tool-eu-angles.tex
) (/usr/share/texmf-dist/tex/latex/tkz-euclide/tkz-draw-eu-sectors.tex
2023/02/03 5.02c tkz-obj-eu-sectors.tex
) (/usr/share/texmf-dist/tex/latex/tkz-euclide/tkz-draw-eu-compass.tex
2023/02/03 5.02c tkz-obj-eu-compass.tex
) (/usr/share/texmf-dist/tex/latex/tkz-euclide/tkz-draw-eu-show.tex
2023/02/03 5.02c tkz-obj-eu-show.tex
) (/usr/share/texmf-dist/tex/latex/tkz-euclide/tkz-draw-eu-protractor.tex
2023/02/03 5.02c tkz-obj-eu-protractor.tex
))

LaTeX Warning: \include should only be used after \begin{document} on input lin
e 5.

(../theorems.tex (/usr/share/texmf-dist/tex/latex/mdframed/mdframed.sty
Package: mdframed 2013/07/01 1.9b: mdframed

(/usr/share/texmf-dist/tex/latex/zref/zref-abspage.sty
Package: zref-abspage 2022-04-07 v2.34 Module abspage for zref (HO)

(/usr/share/texmf-dist/tex/latex/zref/zref-base.sty
Package: zref-base 2022-04-07 v2.34 Module base for zref (HO)
Package zref Info: New property list: main on input line 767.
Package zref Info: New property: default on input line 768.
Package zref Info: New property: page on input line 769.
)
\c@abspage=\count346
Package zref Info: New property: abspage on input line 65.
)
(/usr/share/texmf-dist/tex/latex/needspace/needspace.sty
Package: needspace 2010/09/12 v1.3d reserve vertical space
)
\mdf@templength=\skip84
\c@mdf@globalstyle@cnt=\count347
\mdf@skipabove@length=\skip85
\mdf@skipbelow@length=\skip86
\mdf@leftmargin@length=\skip87
\mdf@rightmargin@length=\skip88
\mdf@innerleftmargin@length=\skip89
\mdf@innerrightmargin@length=\skip90
\mdf@innertopmargin@length=\skip91
\mdf@innerbottommargin@length=\skip92
\mdf@splittopskip@length=\skip93
\mdf@splitbottomskip@length=\skip94
\mdf@outermargin@length=\skip95
\mdf@innermargin@length=\skip96
\mdf@linewidth@length=\skip97
\mdf@innerlinewidth@length=\skip98
\mdf@middlelinewidth@length=\skip99
\mdf@outerlinewidth@length=\skip100
\mdf@roundcorner@length=\skip101
\mdf@footenotedistance@length=\skip102
\mdf@userdefinedwidth@length=\skip103
\mdf@needspace@length=\skip104
\mdf@frametitleaboveskip@length=\skip105
\mdf@frametitlebelowskip@length=\skip106
\mdf@frametitlerulewidth@length=\skip107
\mdf@frametitleleftmargin@length=\skip108
\mdf@frametitlerightmargin@length=\skip109
\mdf@shadowsize@length=\skip110
\mdf@extratopheight@length=\skip111
\mdf@subtitleabovelinewidth@length=\skip112
\mdf@subtitlebelowlinewidth@length=\skip113
\mdf@subtitleaboveskip@length=\skip114
\mdf@subtitlebelowskip@length=\skip115
\mdf@subtitleinneraboveskip@length=\skip116
\mdf@subtitleinnerbelowskip@length=\skip117
\mdf@subsubtitleabovelinewidth@length=\skip118
\mdf@subsubtitlebelowlinewidth@length=\skip119
\mdf@subsubtitleaboveskip@length=\skip120
\mdf@subsubtitlebelowskip@length=\skip121
\mdf@subsubtitleinneraboveskip@length=\skip122
\mdf@subsubtitleinnerbelowskip@length=\skip123

(/usr/share/texmf-dist/tex/latex/mdframed/md-frame-1.mdf
File: md-frame-1.mdf 2013/07/01\ 1.9b: md-frame-1
)
\mdf@frametitlebox=\box84
\mdf@footnotebox=\box85
\mdf@splitbox@one=\box86
\mdf@splitbox@two=\box87
\mdf@splitbox@save=\box88
\mdfsplitboxwidth=\skip124
\mdfsplitboxtotalwidth=\skip125
\mdfsplitboxheight=\skip126
\mdfsplitboxdepth=\skip127
\mdfsplitboxtotalheight=\skip128
\mdfframetitleboxwidth=\skip129
\mdfframetitleboxtotalwidth=\skip130
\mdfframetitleboxheight=\skip131
\mdfframetitleboxdepth=\skip132
\mdfframetitleboxtotalheight=\skip133
\mdffootnoteboxwidth=\skip134
\mdffootnoteboxtotalwidth=\skip135
\mdffootnoteboxheight=\skip136
\mdffootnoteboxdepth=\skip137
\mdffootnoteboxtotalheight=\skip138
\mdftotallinewidth=\skip139
\mdfboundingboxwidth=\skip140
\mdfboundingboxtotalwidth=\skip141
\mdfboundingboxheight=\skip142
\mdfboundingboxdepth=\skip143
\mdfboundingboxtotalheight=\skip144
\mdf@freevspace@length=\skip145
\mdf@horizontalwidthofbox@length=\skip146
\mdf@verticalmarginwhole@length=\skip147
\mdf@horizontalspaceofbox=\skip148
\mdfsubtitleheight=\skip149
\mdfsubsubtitleheight=\skip150
\c@mdfcountframes=\count348

****** mdframed patching \endmdf@trivlist

****** -- success******

\mdf@envdepth=\count349
\c@mdf@env@i=\count350
\c@mdf@env@ii=\count351
\c@mdf@zref@counter=\count352
Package zref Info: New property: mdf@pagevalue on input line 895.
)
(/usr/share/texmf-dist/tex/generic/pgf/frontendlayer/tikz/libraries/tikzlibrary
shadows.code.tex
File: tikzlibraryshadows.code.tex 2023-01-15 v3.1.10 (3.1.10)

(/usr/share/texmf-dist/tex/generic/pgf/frontendlayer/tikz/libraries/tikzlibrary
fadings.code.tex
File: tikzlibraryfadings.code.tex 2023-01-15 v3.1.10 (3.1.10)

(/usr/share/texmf-dist/tex/generic/pgf/libraries/pgflibraryfadings.code.tex
File: pgflibraryfadings.code.tex 2023-01-15 v3.1.10 (3.1.10)
)))
Package thmtools Info: Key `mdframed' (with value `style=mdbluebox')
(thmtools)             is not a known style key.
(thmtools)             Will pass this to every \declaretheorem
(thmtools)             that uses `style=thmbluebox' on input line 27.
Package thmtools Info: Key `mdframed' (with value `style=mdredbox')
(thmtools)             is not a known style key.
(thmtools)             Will pass this to every \declaretheorem
(thmtools)             that uses `style=thmredbox' on input line 47.
Package thmtools Info: Key `mdframed' (with value `style=mdgreenbox')
(thmtools)             is not a known style key.
(thmtools)             Will pass this to every \declaretheorem
(thmtools)             that uses `style=thmgreenbox' on input line 67.
Package thmtools Info: Key `mdframed' (with value `style=mdblackbox')
(thmtools)             is not a known style key.
(thmtools)             Will pass this to every \declaretheorem
(thmtools)             that uses `style=thmblackbox' on input line 85.
Package thmtools Info: Key `mdframed' (with value `style=mdpurplebox')
(thmtools)             is not a known style key.
(thmtools)             Will pass this to every \declaretheorem
(thmtools)             that uses `style=thmpurplebox' on input line 108.
Package thmtools Info: Automatically pulling in `thmdef-mdframed' on input line
 113.

(/usr/share/texmf-dist/tex/latex/thmtools/thmdef-mdframed.sty
Package: thmdef-mdframed 2023/02/17 v0.75
)
\c@theorem=\count353
)

LaTeX Warning: \include should only be used after \begin{document} on input lin
e 6.

(../macros.tex (/usr/share/texmf-dist/tex/latex/amsfonts/amssymb.sty
Package: amssymb 2013/01/14 v3.01 AMS font symbols

(/usr/share/texmf-dist/tex/latex/amsfonts/amsfonts.sty
Package: amsfonts 2013/01/14 v3.01 Basic AMSFonts support
\symAMSa=\mathgroup5
\symAMSb=\mathgroup6
LaTeX Font Info:    Redeclaring math symbol \hbar on input line 98.
LaTeX Font Info:    Overwriting math alphabet `\mathfrak' in version `bold'
(Font)                  U/euf/m/n --> U/euf/b/n on input line 106.
))
(/usr/share/texmf-dist/tex/latex/import/import.sty
Package: import 2020/04/01  v 6.2
)
(/usr/share/texmf-dist/tex/latex/xifthen/xifthen.sty
Package: xifthen 2015/11/05 v1.4.0 Extended ifthen features

(/usr/share/texmf-dist/tex/latex/ifmtarg/ifmtarg.sty
Package: ifmtarg 2018/04/16 v1.2b check for an empty argument
))
(/usr/share/texmf-dist/tex/latex/pdfpages/pdfpages.sty
Package: pdfpages 2022/12/19 v0.5x Insert pages of external PDF documents (AM)
\AM@pagewidth=\dimen337
\AM@pageheight=\dimen338
\AM@fboxrule=\dimen339

(/usr/share/texmf-dist/tex/latex/pdfpages/ppluatex.def
File: ppluatex.def 2022/12/19 v0.5x Pdfpages driver for LuaTeX (AM)
)
\pdfpages@includegraphics@status=\count354
\AM@pagebox=\box89
\AM@global@opts=\toks60
\AM@pagecnt=\count355
\AM@toc@title=\toks61
\AM@lof@heading=\toks62
\c@AM@survey=\count356
\AM@templatesizebox=\box90
)
(/usr/share/texmf-dist/tex/latex/transparent/transparent.sty
Package: transparent 2022-10-27 v1.5 Transparency with color stacks

(/usr/share/texmf-dist/tex/latex/transparent/transparent-nometadata.sty
Package: transparent-nometadata 2022-10-27 v1.5 Transparency via pdfTeX's color
 stack (HO)
)))
Package translations Info: No language package found. I am going to use `englis
h' as default language. on input line 8.

(./olymp.aux (./intro.aux) (./nt/divisibility.aux))
\openout1 = olymp.aux

LaTeX Font Info:    Checking defaults for OML/cmm/m/it on input line 8.
LaTeX Font Info:    ... okay on input line 8.
LaTeX Font Info:    Checking defaults for OMS/cmsy/m/n on input line 8.
LaTeX Font Info:    ... okay on input line 8.
LaTeX Font Info:    Checking defaults for OT1/cmr/m/n on input line 8.
LaTeX Font Info:    ... okay on input line 8.
LaTeX Font Info:    Checking defaults for T1/cmr/m/n on input line 8.
LaTeX Font Info:    ... okay on input line 8.
LaTeX Font Info:    Checking defaults for TS1/cmr/m/n on input line 8.
LaTeX Font Info:    Trying to load font information for TS1+cmr on input line 8
.

(/usr/share/texmf-dist/tex/latex/base/ts1cmr.fd
File: ts1cmr.fd 2022/07/10 v2.5l Standard LaTeX font definitions
)
LaTeX Font Info:    ... okay on input line 8.
LaTeX Font Info:    Checking defaults for TU/lmr/m/n on input line 8.
LaTeX Font Info:    ... okay on input line 8.
LaTeX Font Info:    Checking defaults for OMX/cmex/m/n on input line 8.
LaTeX Font Info:    ... okay on input line 8.
LaTeX Font Info:    Checking defaults for U/cmr/m/n on input line 8.
LaTeX Font Info:    ... okay on input line 8.
LaTeX Font Info:    Checking defaults for PD1/pdf/m/n on input line 8.
LaTeX Font Info:    ... okay on input line 8.
LaTeX Font Info:    Checking defaults for PU/pdf/m/n on input line 8.
LaTeX Font Info:    ... okay on input line 8.
Package scrbase Info: activating english \partname on input line 8.
Package scrbase Info: activating english \chaptername on input line 8.
Package scrbase Info: activating english \appendixname on input line 8.
Package scrbase Info: activating english \figurename on input line 8.
Package scrbase Info: activating english \tablename on input line 8.
Package scrbase Info: activating english \contentsname on input line 8.
Package scrbase Info: activating english \listfigurename on input line 8.
Package scrbase Info: activating english \listtablename on input line 8.
Package scrbase Info: activating english \bibname on input line 8.
Package scrbase Info: activating english \indexname on input line 8.

*geometry* driver: auto-detecting
*geometry* detected driver: luatex
*geometry* verbose mode - [ preamble ] result:
* driver: luatex
* paper: a4paper
* layout: <same size as paper>
* layoutoffset:(h,v)=(0.0pt,0.0pt)
* modes: 
* h-part:(L,W,R)=(72.26999pt, 452.9679pt, 72.26999pt)
* v-part:(T,H,B)=(72.26999pt, 700.50687pt, 72.26999pt)
* \paperwidth=597.50787pt
* \paperheight=845.04684pt
* \textwidth=452.9679pt
* \textheight=700.50687pt
* \oddsidemargin=0.0pt
* \evensidemargin=0.0pt
* \topmargin=-33.0pt
* \headheight=15.0pt
* \headsep=18.0pt
* \topskip=10.0pt
* \footskip=42.0pt
* \marginparwidth=74.68849pt
* \marginparsep=12.8401pt
* \columnsep=10.0pt
* \skip\footins=9.0pt plus 4.0pt minus 2.0pt
* \hoffset=0.0pt
* \voffset=0.0pt
* \mag=1000
* \@twocolumnfalse
* \@twosidefalse
* \@mparswitchfalse
* \@reversemarginfalse
* (1in=72.27pt=25.4mm, 1cm=28.453pt)

(/usr/share/texmf-dist/tex/context/base/mkii/supp-pdf.mkii
[Loading MPS to PDF converter (version 2006.09.02).]
\scratchcounter=\count357
\scratchdimen=\dimen340
\scratchbox=\box91
\nofMPsegments=\count358
\nofMParguments=\count359
\everyMPshowfont=\toks63
\MPscratchCnt=\count360
\MPscratchDim=\dimen341
\MPnumerator=\count361
\makeMPintoPDFobject=\count362
\everyMPtoPDFconversion=\toks64
) (/usr/share/texmf-dist/tex/latex/epstopdf-pkg/epstopdf-base.sty
Package: epstopdf-base 2020-01-24 v2.11 Base part for package epstopdf
Package epstopdf-base Info: Redefining graphics rule for `.eps' on input line 4
85.

(/usr/share/texmf-dist/tex/latex/latexconfig/epstopdf-sys.cfg
File: epstopdf-sys.cfg 2010/07/13 v1.3 Configuration of (r)epstopdf for TeX Liv
e
))
Package hyperref Info: Link coloring ON on input line 8.
 (./olymp.out)
(./olymp.out)
\@outlinefile=\write4

\openout4 = olymp.out
Class scrbook Info: loading recommended package `bookmark'.
(scrbook)           Using `bookmark' together with `hyperref' is recommended,
(scrbook)           because of handling of possible bookmark level gaps.
(scrbook)           You can avoid loading `bookmark' with KOMA-Script option
(scrbook)           `bookmarkpackage=false' before \begin{document} and
(scrbook)           you can avoid this message adding:
(scrbook)             \usepackage{bookmark}
(scrbook)           before \begin{document} on input line 8.
 (/usr/share/texmf-dist/tex/latex/bookmark/bookmark.sty
Package: bookmark 2020-11-06 v1.29 PDF bookmarks (HO)

(/usr/share/texmf-dist/tex/latex/bookmark/bkm-pdftex.def
File: bkm-pdftex.def 2020-11-06 v1.29 bookmark driver for pdfTeX (HO)
\BKM@id=\count363
))
Package pgfplots notification 'compat/show suggested version=true': document ha
s been generated with the most recent feature set (\pgfplotsset{compat=1.18}).


Package siunitx Warning: Detected the "physics" package:
(siunitx)                omitting definition of \qty.
(siunitx)                
(siunitx)                If you want to use \qty with the siunitx definition,
(siunitx)                add 
(siunitx)                
(siunitx)                    \AtBeginDocument{\RenewCommandCopy\qty\SI}
(siunitx)                
(siunitx)                to your preamble.


(/usr/share/texmf-dist/tex/latex/translations/translations-basic-dictionary-eng
lish.trsl
File: translations-basic-dictionary-english.trsl (english translation file `tra
nslations-basic-dictionary')
)
Package translations Info: loading dictionary `translations-basic-dictionary' f
or `english'. on input line 8.
LaTeX Info: Redefining \celsius on input line 8.
Package gensymb Info: Faking symbols for \degree and \celsius on input line 8.


Package gensymb Warning: Not defining \perthousand.

LaTeX Info: Redefining \ohm on input line 8.
Package gensymb Info: Using \Omega for \ohm on input line 8.

Package gensymb Warning: Not defining \micro.

(/usr/share/texmf-dist/tex/latex/pdflscape/pdflscape.sty
Package: pdflscape 2022-10-27 v0.13 Display of landscape pages in PDF

(/usr/share/texmf-dist/tex/latex/pdflscape/pdflscape-nometadata.sty
Package: pdflscape-nometadata 2022-10-28 v0.13 Display of landscape pages in PD
F (HO)

(/usr/share/texmf-dist/tex/latex/graphics/lscape.sty
Package: lscape 2020/05/28 v3.02 Landscape Pages (DPC)
)
Package pdflscape Info: Auto-detected driver: pdftex on input line 81.
))
(/usr/share/texmf-dist/tex/generic/pgfornament/vectorian/vectorian11.pgf)
(/usr/share/texmf-dist/tex/generic/pgfornament/vectorian/vectorian11.pgf)
(/usr/share/texmf-dist/tex/generic/pgfornament/vectorian/vectorian61.pgf)
(/usr/share/texmf-dist/tex/generic/pgfornament/vectorian/vectorian61.pgf)
(/usr/share/texmf-dist/tex/generic/pgfornament/vectorian/vectorian61.pgf)
(/usr/share/texmf-dist/tex/generic/pgfornament/vectorian/vectorian61.pgf)
[1



{/var/lib/texmf/fonts/map/pdftex/updmap/pdftex.map}]

Class scrbook Warning: Redefinition of \@makeschapterhead detected.
(scrbook)              Note: KOMA-Script does use styles for commands like
(scrbook)              \chapter. Currently it internally still provides and
(scrbook)              uses \@makeschapterhead, but a completely different
(scrbook)              definition compared to the standard classes.
(scrbook)              So redefining or using internal \@makeschapterhead
(scrbook)              by users or package authors may already break
(scrbook)              KOMA-Script and will not work with a coming version,
(scrbook)              that will remove this deprecated code.

(/usr/share/texmf-dist/tex/generic/pgfornament/vectorian/vectorian89.pgf)
Overfull \hbox (2.7346pt too wide) in paragraph at lines 15--15
|[]
 []

(/usr/share/texmf-dist/tex/generic/pgfornament/vectorian/vectorian79.pgf)
(/usr/share/texmf-dist/tex/generic/pgfornament/vectorian/vectorian78.pgf)
(./olymp.toc
Package tocbasic Info: Using my definition of `\numberline' on input line 5.
Package tocbasic Info: Using my definition of `\numberline' on input line 17.
)
\tf@toc=\write5

\openout5 = olymp.toc
LaTeX Font Info:    Trying to load font information for OMX+yhex on input line 
20.
 (/usr/share/texmf-dist/tex/latex/yhmath/OMXyhex.fd
File: OMXyhex.fd 
File: OMXyhex.fd 2013/07/03 v1.1 YH's humble contribution to TeX maths (NP)
)
LaTeX Font Info:    Trying to load font information for U+msa on input line 20.


(/usr/share/texmf-dist/tex/latex/amsfonts/umsa.fd
File: umsa.fd 2013/01/14 v3.01 AMS symbols A
)
LaTeX Font Info:    Trying to load font information for U+msb on input line 20.


(/usr/share/texmf-dist/tex/latex/amsfonts/umsb.fd
File: umsb.fd 2013/01/14 v3.01 AMS symbols B
)
(/usr/share/texmf-dist/tex/generic/pgfornament/vectorian/vectorian61.pgf)
(/usr/share/texmf-dist/tex/generic/pgfornament/vectorian/vectorian61.pgf)
(/usr/share/texmf-dist/tex/generic/pgfornament/vectorian/vectorian61.pgf)
(/usr/share/texmf-dist/tex/generic/pgfornament/vectorian/vectorian61.pgf)
[2



Missing character: There is no i (U+0069) in font ts1-lmr10!
Missing character: There is no i (U+0069) in font ts1-lmr10!
Missing character: There is no i (U+0069) in font ts1-lmr10!
Missing character: There is no i (U+0069) in font ts1-lmr10!
Missing character: There is no A (U+0041) in font ts1-lmr10!
]
\openout2 = intro.aux
 (./intro.tex
chapter without number

Class scrbook Warning: Redefinition of \@makechapterhead detected.
(scrbook)              Note: KOMA-Script does use styles for commands like
(scrbook)              \chapter. Currently it internally still provides and
(scrbook)              uses \@makechapterhead, but a completely different
(scrbook)              definition compared to the standard classes.
(scrbook)              So redefining or using internal \@makechapterhead
(scrbook)              by users or package authors may already break
(scrbook)              KOMA-Script and will not work with a coming version,
(scrbook)              that will remove this deprecated code.

(/usr/share/texmf-dist/tex/generic/pgfornament/vectorian/vectorian89.pgf)
Overfull \hbox (2.7346pt too wide) in paragraph at lines 1--1
|[]
 []

(/usr/share/texmf-dist/tex/generic/pgfornament/vectorian/vectorian79.pgf)
(/usr/share/texmf-dist/tex/generic/pgfornament/vectorian/vectorian78.pgf)
Underfull \hbox (badness 10000) in paragraph at lines 5--7

 []

Package mdframed Info: mdframed detected package amsthm 
 changed the theorem header of amsthm
(mdframed)              on input line 14.
Package hyperref Info: bookmark level for unknown remark defaults to 0 on input
 line 14.
) (/usr/share/texmf-dist/tex/generic/pgfornament/vectorian/vectorian61.pgf)
(/usr/share/texmf-dist/tex/generic/pgfornament/vectorian/vectorian61.pgf)
(/usr/share/texmf-dist/tex/generic/pgfornament/vectorian/vectorian61.pgf)
(/usr/share/texmf-dist/tex/generic/pgfornament/vectorian/vectorian61.pgf)
[1




] (/usr/share/texmf-dist/tex/generic/pgfornament/vectorian/vectorian87.pgf)
warning  (pdf backend): ignoring duplicate destination with the name 'page.1'
(/usr/share/texmf-dist/tex/generic/pgfornament/vectorian/vectorian61.pgf)
(/usr/share/texmf-dist/tex/generic/pgfornament/vectorian/vectorian61.pgf)
(/usr/share/texmf-dist/tex/generic/pgfornament/vectorian/vectorian61.pgf)
(/usr/share/texmf-dist/tex/generic/pgfornament/vectorian/vectorian61.pgf)
[1





]
\openout2 = nt/divisibility.aux
 (./nt/divisibility.tex
chapter 1.

Class scrbook Warning: Redefinition of \@makechapterhead detected.
(scrbook)              Note: KOMA-Script does use styles for commands like
(scrbook)              \chapter. Currently it internally still provides and
(scrbook)              uses \@makechapterhead, but a completely different
(scrbook)              definition compared to the standard classes.
(scrbook)              So redefining or using internal \@makechapterhead
(scrbook)              by users or package authors may already break
(scrbook)              KOMA-Script and will not work with a coming version,
(scrbook)              that will remove this deprecated code.

(/usr/share/texmf-dist/tex/generic/pgfornament/vectorian/vectorian89.pgf)
Overfull \hbox (2.7346pt too wide) in paragraph at lines 1--1
|[]
 []

(/usr/share/texmf-dist/tex/generic/pgfornament/vectorian/vectorian79.pgf)
(/usr/share/texmf-dist/tex/generic/pgfornament/vectorian/vectorian78.pgf)
Package mdframed Info: mdframed detected package amsthm 
 changed the theorem header of amsthm
(mdframed)              on input line 6.
Package hyperref Info: bookmark level for unknown definition defaults to 0 on i
nput line 6.
Package mdframed Info: mdframed detected package amsthm 
 changed the theorem header of amsthm
(mdframed)              on input line 15.
Package hyperref Info: bookmark level for unknown proposition defaults to 0 on 
input line 15.
Package mdframed Info: mdframed detected package amsthm 
 changed the theorem header of amsthm
(mdframed)              on input line 36.
Package hyperref Info: bookmark level for unknown theorem defaults to 0 on inpu
t line 36.

warning  (pdf backend): ignoring duplicate destination with the name 'page.2'
(/usr/share/texmf-dist/tex/generic/pgfornament/vectorian/vectorian61.pgf)
(/usr/share/texmf-dist/tex/generic/pgfornament/vectorian/vectorian61.pgf)
(/usr/share/texmf-dist/tex/generic/pgfornament/vectorian/vectorian61.pgf)
(/usr/share/texmf-dist/tex/generic/pgfornament/vectorian/vectorian61.pgf)
[2



]
Package mdframed Info: mdframed detected package amsthm 
 changed the theorem header of amsthm
(mdframed)              on input line 50.
Package hyperref Info: bookmark level for unknown lemma defaults to 0 on input 
line 50.
Package mdframed Info: mdframed detected package amsthm 
 changed the theorem header of amsthm
(mdframed)              on input line 66.
Package mdframed Info: mdframed detected package amsthm 
 changed the theorem header of amsthm
(mdframed)              on input line 82.
Package hyperref Info: bookmark level for unknown example defaults to 0 on inpu
t line 82.
Package mdframed Info: mdframed detected package amsthm 
 changed the theorem header of amsthm
(mdframed)              on input line 91.
Package mdframed Info: mdframed detected package amsthm 
 changed the theorem header of amsthm
(mdframed)              on input line 96.


Package scrbase Warning: Usage of deprecated command `\ifstr'.
(scrbase)                The command has been renamed because of a
(scrbase)                recommendation of The LaTeX Project Team.
(scrbase)                Please replace `\ifstr' by `\Ifstr' on input line 108.


(/usr/share/texmf-dist/tex/generic/pgfornament/vectorian/vectorian61.pgf)
(/usr/share/texmf-dist/tex/generic/pgfornament/vectorian/vectorian61.pgf)
(/usr/share/texmf-dist/tex/generic/pgfornament/vectorian/vectorian61.pgf)
(/usr/share/texmf-dist/tex/generic/pgfornament/vectorian/vectorian61.pgf)
[3]
Package mdframed Info: mdframed detected package amsthm 
 changed the theorem header of amsthm
(mdframed)              on input line 108.
Package mdframed Info: mdframed detected package amsthm 
 changed the theorem header of amsthm
(mdframed)              on input line 118.
Package mdframed Info: mdframed detected package amsthm 
 changed the theorem header of amsthm
(mdframed)              on input line 127.
Package mdframed Info: mdframed detected package amsthm 
 changed the theorem header of amsthm
(mdframed)              on input line 138.
Package hyperref Info: bookmark level for unknown claim defaults to 0 on input 
line 138.
Package mdframed Info: mdframed detected package amsthm 
 changed the theorem header of amsthm
(mdframed)              on input line 142.
Package mdframed Info: mdframed detected package amsthm 
 changed the theorem header of amsthm
(mdframed)              on input line 150.
Package mdframed Info: mdframed detected package amsthm 
 changed the theorem header of amsthm
(mdframed)              on input line 155.
Package mdframed Info: mdframed detected package amsthm 
 changed the theorem header of amsthm
(mdframed)              on input line 161.


Package scrbase Warning: Usage of deprecated command `\ifstr'.
(scrbase)                The command has been renamed because of a
(scrbase)                recommendation of The LaTeX Project Team.
(scrbase)                Please replace `\ifstr' by `\Ifstr' on input line 163.


(/usr/share/texmf-dist/tex/generic/pgfornament/vectorian/vectorian61.pgf)
(/usr/share/texmf-dist/tex/generic/pgfornament/vectorian/vectorian61.pgf)
(/usr/share/texmf-dist/tex/generic/pgfornament/vectorian/vectorian61.pgf)
(/usr/share/texmf-dist/tex/generic/pgfornament/vectorian/vectorian61.pgf)
[4]
Package mdframed Info: mdframed detected package amsthm 
 changed the theorem header of amsthm
(mdframed)              on input line 166.
Package mdframed Info: mdframed detected package amsthm 
 changed the theorem header of amsthm
(mdframed)              on input line 174.
Package mdframed Info: mdframed detected package amsthm 
 changed the theorem header of amsthm
(mdframed)              on input line 180.

Underfull \hbox (badness 10000) in paragraph at lines 190--192

 []

Package mdframed Info: mdframed detected package amsthm 
 changed the theorem header of amsthm
(mdframed)              on input line 199.
Package mdframed Info: mdframed detected package amsthm 
 changed the theorem header of amsthm
(mdframed)              on input line 208.

Package scrbase Warning: Usage of deprecated command `\ifstr'.
(scrbase)                The command has been renamed because of a
(scrbase)                recommendation of The LaTeX Project Team.
(scrbase)                Please replace `\ifstr' by `\Ifstr' on input line 234.


(/usr/share/texmf-dist/tex/generic/pgfornament/vectorian/vectorian61.pgf)
(/usr/share/texmf-dist/tex/generic/pgfornament/vectorian/vectorian61.pgf)
(/usr/share/texmf-dist/tex/generic/pgfornament/vectorian/vectorian61.pgf)
(/usr/share/texmf-dist/tex/generic/pgfornament/vectorian/vectorian61.pgf)
[5]
Package mdframed Info: mdframed detected package amsthm 
 changed the theorem header of amsthm
(mdframed)              on input line 234.
Package mdframed Info: mdframed detected package amsthm 
 changed the theorem header of amsthm
(mdframed)              on input line 249.
Package mdframed Info: mdframed detected package amsthm 
 changed the theorem header of amsthm
(mdframed)              on input line 269.
Package mdframed Info: mdframed detected package amsthm 
 changed the theorem header of amsthm
(mdframed)              on input line 273.


Package scrbase Warning: Usage of deprecated command `\ifstr'.
(scrbase)                The command has been renamed because of a
(scrbase)                recommendation of The LaTeX Project Team.
(scrbase)                Please replace `\ifstr' by `\Ifstr' on input line 281.


(/usr/share/texmf-dist/tex/generic/pgfornament/vectorian/vectorian61.pgf)
(/usr/share/texmf-dist/tex/generic/pgfornament/vectorian/vectorian61.pgf)
(/usr/share/texmf-dist/tex/generic/pgfornament/vectorian/vectorian61.pgf)
(/usr/share/texmf-dist/tex/generic/pgfornament/vectorian/vectorian61.pgf)
[6]
Package mdframed Info: mdframed detected package amsthm 
 changed the theorem header of amsthm
(mdframed)              on input line 281.

Underfull \hbox (badness 10000) in paragraph at lines 288--290

 []

Package hyperref Info: bookmark level for unknown todo defaults to 0 on input l
ine 302.
)

Package scrbase Warning: Usage of deprecated command `\ifstr'.
(scrbase)                The command has been renamed because of a
(scrbase)                recommendation of The LaTeX Project Team.
(scrbase)                Please replace `\ifstr' by `\Ifstr' on input line 26.

(/usr/share/texmf-dist/tex/generic/pgfornament/vectorian/vectorian61.pgf)
(/usr/share/texmf-dist/tex/generic/pgfornament/vectorian/vectorian61.pgf)
(/usr/share/texmf-dist/tex/generic/pgfornament/vectorian/vectorian61.pgf)
(/usr/share/texmf-dist/tex/generic/pgfornament/vectorian/vectorian61.pgf)
[7] (/usr/share/texmf-dist/tex/generic/pgfornament/vectorian/vectorian87.pgf)
(/usr/share/texmf-dist/tex/generic/pgfornament/vectorian/vectorian61.pgf)
(/usr/share/texmf-dist/tex/generic/pgfornament/vectorian/vectorian61.pgf)
(/usr/share/texmf-dist/tex/generic/pgfornament/vectorian/vectorian61.pgf)
(/usr/share/texmf-dist/tex/generic/pgfornament/vectorian/vectorian61.pgf)
[8




]
chapter A.

Class scrbook Warning: Redefinition of \@makechapterhead detected.
(scrbook)              Note: KOMA-Script does use styles for commands like
(scrbook)              \chapter. Currently it internally still provides and
(scrbook)              uses \@makechapterhead, but a completely different
(scrbook)              definition compared to the standard classes.
(scrbook)              So redefining or using internal \@makechapterhead
(scrbook)              by users or package authors may already break
(scrbook)              KOMA-Script and will not work with a coming version,
(scrbook)              that will remove this deprecated code.

(/usr/share/texmf-dist/tex/generic/pgfornament/vectorian/vectorian89.pgf)
Overfull \hbox (2.7346pt too wide) in paragraph at lines 33--33
|[]
 []

(/usr/share/texmf-dist/tex/generic/pgfornament/vectorian/vectorian79.pgf)
(/usr/share/texmf-dist/tex/generic/pgfornament/vectorian/vectorian78.pgf)
(/usr/share/texmf-dist/tex/generic/pgfornament/vectorian/vectorian61.pgf)
(/usr/share/texmf-dist/tex/generic/pgfornament/vectorian/vectorian61.pgf)
(/usr/share/texmf-dist/tex/generic/pgfornament/vectorian/vectorian61.pgf)
(/usr/share/texmf-dist/tex/generic/pgfornament/vectorian/vectorian61.pgf)
[9


] (./olymp.aux (./intro.aux) (./nt/divisibility.aux))
Package rerunfilecheck Info: File `olymp.out' has not changed.
(rerunfilecheck)             Checksum: D41D8CD98F00B204E9800998ECF8427E;0.
)

Here is how much of LuaTeX's memory you used:
 54065 strings out of 478285
 100000,2373549 words of node,token memory allocated
 2851 words of node memory still in use:
   52 hlist, 5 vlist, 10 rule, 3 disc, 2 local_par, 44 glue, 6 kern, 3 penalty, 
26 glyph, 178 attribute, 109 glue_spec, 178 attribute_list, 4 write, 2 save_pos,
 87 pdf_literal, 18 pdf_colorstack nodes
   avail lists: 1:4,2:6080,3:5266,4:252,5:360,6:111,7:6066,8:48,9:1084,10:12,11:
367
 71652 multiletter control sequences out of 65536+600000
 74 fonts using 5564375 bytes
 132i,20n,118p,10599b,2232s stack positions out of 10000i,1000n,20000p,200000b,200000s
</usr/share/texmf-dist/fonts/opentype/public/lm/lmroman9-italic.otf></usr/share/
texmf-dist/fonts/opentype/public/lm/lmromanslant10-regular.otf></usr/share/texmf
-dist/fonts/opentype/public/lm/lmroman10-bold.otf></usr/share/texmf-dist/fonts/o
pentype/public/lm/lmroman17-regular.otf></usr/share/texmf-dist/fonts/opentype/pu
blic/lm/lmroman9-regular.otf></usr/share/texmf-dist/fonts/opentype/public/lm/lmr
oman9-bold.otf></usr/share/texmf-dist/fonts/opentype/public/lm/lmroman10-italic.
otf>{/usr/share/texmf-dist/fonts/enc/dvips/lm/lm-ts1.enc}</usr/share/texmf-dist/
fonts/opentype/public/lm/lmromancaps10-regular.otf></usr/share/texmf-dist/fonts/
opentype/public/lm/lmroman12-bold.otf></usr/share/texmf-dist/fonts/opentype/publ
ic/lm/lmroman10-regular.otf></usr/share/texmf-dist/fonts/opentype/public/lm/lmro
man12-italic.otf></usr/share/texmf-dist/fonts/type1/public/amsfonts/cm/cmmi10.pf
b></usr/share/texmf-dist/fonts/type1/public/amsfonts/cm/cmmi5.pfb></usr/share/te
xmf-dist/fonts/type1/public/amsfonts/cm/cmmi7.pfb></usr/share/texmf-dist/fonts/t
ype1/public/amsfonts/cm/cmmi9.pfb></usr/share/texmf-dist/fonts/type1/public/amsf
onts/cm/cmr10.pfb></usr/share/texmf-dist/fonts/type1/public/amsfonts/cm/cmr5.pfb
></usr/share/texmf-dist/fonts/type1/public/amsfonts/cm/cmr7.pfb></usr/share/texm
f-dist/fonts/type1/public/amsfonts/cm/cmr9.pfb></usr/share/texmf-dist/fonts/type
1/public/amsfonts/cm/cmsy10.pfb></usr/share/texmf-dist/fonts/type1/public/amsfon
ts/cm/cmsy9.pfb></usr/share/texmf-dist/fonts/type1/public/lm/lmr10.pfb></usr/sha
re/texmf-dist/fonts/type1/public/amsfonts/symbols/msbm10.pfb>
Output written on olymp.pdf (12 pages, 479727 bytes).

PDF statistics: 376 PDF objects out of 1000 (max. 8388607)
 298 compressed objects within 3 object streams
 101 named destinations out of 1000 (max. 131072)
 296 words of extra memory for PDF output out of 10000 (max. 100000000)

